Using pre-set license
Built from '2020.3/staging' branch; Version is '2020.3.10f1 (297d780c91bc) revision 2719096'; Using compiler version '192528614'; Build Type 'Release'
OS: 'Windows 10 Home Single Language; OS build 19043.1110; Version 2009; 64bit' Language: 'en' Physical Memory: 7599 MB
BatchMode: 1, IsHumanControllingUs: 0, StartBugReporterOnCrash: 0, Is64bit: 1, IsPro: 0

 COMMAND LINE ARGUMENTS:
C:\Program Files\Unity\Hub\Editor\2020.3.10f1\Editor\Unity.exe
-adb2
-batchMode
-noUpm
-name
AssetImportWorker6
-projectPath
X:/GameJam/GameJobsLive/GMLGame Jam 21
-logFile
Logs/AssetImportWorker6.log
-srvPort
53509
Successfully changed project path to: X:/GameJam/GameJobsLive/GMLGame Jam 21
X:/GameJam/GameJobsLive/GMLGame Jam 21
Using Asset Import Pipeline V2.
Refreshing native plugins compatible for Editor in 48.37 ms, found 3 plugins.
Preloading 0 native plugins for Editor in 0.00 ms.
Initialize engine version: 2020.3.10f1 (297d780c91bc)
[Subsystems] Discovering subsystems at path C:/Program Files/Unity/Hub/Editor/2020.3.10f1/Editor/Data/Resources/UnitySubsystems
[Subsystems] Discovering subsystems at path X:/GameJam/GameJobsLive/GMLGame Jam 21/Assets
GfxDevice: creating device client; threaded=0
Direct3D:
    Version:  Direct3D 11.0 [level 11.1]
    Renderer: NVIDIA GeForce GTX 1650 (ID=0x1f99)
    Vendor:   
    VRAM:     3962 MB
    Driver:   27.21.14.6089
Initialize mono
Mono path[0] = 'C:/Program Files/Unity/Hub/Editor/2020.3.10f1/Editor/Data/Managed'
Mono path[1] = 'C:/Program Files/Unity/Hub/Editor/2020.3.10f1/Editor/Data/MonoBleedingEdge/lib/mono/unityjit'
Mono config path = 'C:/Program Files/Unity/Hub/Editor/2020.3.10f1/Editor/Data/MonoBleedingEdge/etc'
Using monoOptions --debugger-agent=transport=dt_socket,embedding=1,server=y,suspend=n,address=127.0.0.1:56976
Begin MonoManager ReloadAssembly
Registering precompiled unity dll's ...
Register platform support module: C:/Program Files/Unity/Hub/Editor/2020.3.10f1/Editor/Data/PlaybackEngines/WebGLSupport/UnityEditor.WebGL.Extensions.dll
Register platform support module: C:/Program Files/Unity/Hub/Editor/2020.3.10f1/Editor/Data/PlaybackEngines/WindowsStandaloneSupport/UnityEditor.WindowsStandalone.Extensions.dll
Registered in 0.003142 seconds.
Native extension for WindowsStandalone target not found
Native extension for WebGL target not found
Refreshing native plugins compatible for Editor in 46.48 ms, found 3 plugins.
Preloading 0 native plugins for Editor in 0.00 ms.
Mono: successfully reloaded assembly
- Completed reload, in  2.097 seconds
Platform modules already initialized, skipping
Registering precompiled user dll's ...
Registered in 0.002900 seconds.
Begin MonoManager ReloadAssembly
Native extension for WindowsStandalone target not found
Native extension for WebGL target not found
Refreshing native plugins compatible for Editor in 48.90 ms, found 3 plugins.
Preloading 0 native plugins for Editor in 0.00 ms.
Mono: successfully reloaded assembly
- Completed reload, in  2.211 seconds
Platform modules already initialized, skipping
========================================================================
Worker process is ready to serve import requests
Launched and connected shader compiler UnityShaderCompiler.exe after 0.30 seconds
Refreshing native plugins compatible for Editor in 1.09 ms, found 3 plugins.
Preloading 0 native plugins for Editor in 0.00 ms.
Unloading 2107 Unused Serialized files (Serialized files now loaded: 0)
System memory in use before: 93.5 MB.
System memory in use after: 93.6 MB.

Unloading 28 unused Assets to reduce memory usage. Loaded Objects now: 2546.
Total: 5.482000 ms (FindLiveObjects: 0.230800 ms CreateObjectMapping: 0.053000 ms MarkObjects: 5.018800 ms  DeleteObjects: 0.177400 ms)

========================================================================
Received Import Request.
  path: Assets/2D Moving Physics Platform 1/Scripts/PhysicsPlatforms2D.cs
  artifactKey: Guid(77b850ffe2b038947a23e604e3e0826d) Importer(815301076,1909f56bfc062723c751e8b465ee728b)
Start importing Assets/2D Moving Physics Platform 1/Scripts/PhysicsPlatforms2D.cs using Guid(77b850ffe2b038947a23e604e3e0826d) Importer(815301076,1909f56bfc062723c751e8b465ee728b)  -> (artifact id: 'e76b7f34670532a3e3105af73b420ca1') in 0.263407 seconds
  Import took 0.327984 seconds .

========================================================================
Received Import Request.
  Time since last request: 0.000396 seconds.
  path: Assets/2D Moving Physics Platform 1/Scripts/HideSpriteOnStart.cs
  artifactKey: Guid(35ac830a0f4cad44dbf624ff2597f07c) Importer(815301076,1909f56bfc062723c751e8b465ee728b)
Start importing Assets/2D Moving Physics Platform 1/Scripts/HideSpriteOnStart.cs using Guid(35ac830a0f4cad44dbf624ff2597f07c) Importer(815301076,1909f56bfc062723c751e8b465ee728b)  -> (artifact id: 'f788a7023eafe5bc881fbe7448531eb8') in 0.009056 seconds
  Import took 0.045736 seconds .

========================================================================
Received Import Request.
  Time since last request: 2050.753352 seconds.
  path: Assets/Images/UI
  artifactKey: Guid(5cc57199ba9c3b44b8af1702642746e6) Importer(815301076,1909f56bfc062723c751e8b465ee728b)
Start importing Assets/Images/UI using Guid(5cc57199ba9c3b44b8af1702642746e6) Importer(815301076,1909f56bfc062723c751e8b465ee728b)  -> (artifact id: 'f1947986ad2029f516afb5e779a15926') in 0.009447 seconds
  Import took 0.082376 seconds .

========================================================================
Received Import Request.
  Time since last request: 13.493893 seconds.
  path: Assets/Images/Background Images/BG_1.jpg
  artifactKey: Guid(5819fa445885e214b99724c2f41792f8) Importer(815301076,1909f56bfc062723c751e8b465ee728b)
Start importing Assets/Images/Background Images/BG_1.jpg using Guid(5819fa445885e214b99724c2f41792f8) Importer(815301076,1909f56bfc062723c751e8b465ee728b)  -> (artifact id: '4142d2c491b3c1833a1dfe0617af4a66') in 0.460332 seconds
  Import took 0.486190 seconds .

========================================================================
Received Import Request.
  Time since last request: 26.720522 seconds.
  path: Assets/Images/Background Images/BG_6.jpg
  artifactKey: Guid(c22651b489fd2a047a6558332061285d) Importer(815301076,1909f56bfc062723c751e8b465ee728b)
Start importing Assets/Images/Background Images/BG_6.jpg using Guid(c22651b489fd2a047a6558332061285d) Importer(815301076,1909f56bfc062723c751e8b465ee728b)  -> (artifact id: 'c0ee2b39dcb0d89b9fb005db14d809d5') in 0.023032 seconds
  Import took 0.188365 seconds .

========================================================================
Received Import Request.
  Time since last request: 0.086023 seconds.
  path: Assets/Images/Background Images/BG_5.jpg
  artifactKey: Guid(66e7924ef2e5d45439f43abdf7addc66) Importer(815301076,1909f56bfc062723c751e8b465ee728b)
Start importing Assets/Images/Background Images/BG_5.jpg using Guid(66e7924ef2e5d45439f43abdf7addc66) Importer(815301076,1909f56bfc062723c751e8b465ee728b)  -> (artifact id: 'aa81df0b53c73a6fd4eac60efae4facd') in 0.021239 seconds
  Import took 0.088450 seconds .

========================================================================
Received Import Request.
  Time since last request: 0.000403 seconds.
  path: Assets/Images/Background Images/BG_4.jpg
  artifactKey: Guid(42595b0436d768142a2cb803f06810bf) Importer(815301076,1909f56bfc062723c751e8b465ee728b)
Start importing Assets/Images/Background Images/BG_4.jpg using Guid(42595b0436d768142a2cb803f06810bf) Importer(815301076,1909f56bfc062723c751e8b465ee728b)  -> (artifact id: '01757581c9e6a2f76a1dfb9d2a6b3c83') in 0.073123 seconds
  Import took 0.118391 seconds .

========================================================================
Received Import Request.
  Time since last request: 1.514368 seconds.
  path: Assets/Images/Background Images/BG_2.jpg
  artifactKey: Guid(6d9ae87d151e17e42994406a713f4940) Importer(815301076,1909f56bfc062723c751e8b465ee728b)
Start importing Assets/Images/Background Images/BG_2.jpg using Guid(6d9ae87d151e17e42994406a713f4940) Importer(815301076,1909f56bfc062723c751e8b465ee728b)  -> (artifact id: '55e8c195b163f75396bfee662cbae0a6') in 0.031504 seconds
  Import took 0.073505 seconds .

========================================================================
Received Import Request.
  Time since last request: 0.224182 seconds.
  path: Assets/Images/Background Images/BG_3.jpg
  artifactKey: Guid(473cde26b39000349a0501c8bc0f1b46) Importer(815301076,1909f56bfc062723c751e8b465ee728b)
Start importing Assets/Images/Background Images/BG_3.jpg using Guid(473cde26b39000349a0501c8bc0f1b46) Importer(815301076,1909f56bfc062723c751e8b465ee728b)  -> (artifact id: '4cb5402431e3daebefa035bf22c0c02d') in 0.053385 seconds
  Import took 0.093463 seconds .

========================================================================
Received Import Request.
  Time since last request: 1.018613 seconds.
  path: Assets/Images/Background Images/BG_7.jpg
  artifactKey: Guid(04e8aeeaaa3525d498dff1ecf60a50f6) Importer(815301076,1909f56bfc062723c751e8b465ee728b)
Start importing Assets/Images/Background Images/BG_7.jpg using Guid(04e8aeeaaa3525d498dff1ecf60a50f6) Importer(815301076,1909f56bfc062723c751e8b465ee728b)  -> (artifact id: '18ca1bc30886514713f45ae966c718e0') in 0.036239 seconds
  Import took 0.277884 seconds .

========================================================================
Received Import Request.
  Time since last request: 0.448073 seconds.
  path: Assets/Images/Background Images/BG_8.jpg
  artifactKey: Guid(8153caabe22881945b8f7b5400a5b93e) Importer(815301076,1909f56bfc062723c751e8b465ee728b)
Start importing Assets/Images/Background Images/BG_8.jpg using Guid(8153caabe22881945b8f7b5400a5b93e) Importer(815301076,1909f56bfc062723c751e8b465ee728b)  -> (artifact id: '8b99bac1dc46817710dd5c2abea01e00') in 0.024510 seconds
  Import took 0.168453 seconds .

========================================================================
Received Import Request.
  Time since last request: 0.000750 seconds.
  path: Assets/Images/Background Images/BG_9.jpg
  artifactKey: Guid(a0e20cd58ff71474aa75c2e88d3e009a) Importer(815301076,1909f56bfc062723c751e8b465ee728b)
Start importing Assets/Images/Background Images/BG_9.jpg using Guid(a0e20cd58ff71474aa75c2e88d3e009a) Importer(815301076,1909f56bfc062723c751e8b465ee728b)  -> (artifact id: '4e4bd754b84824cf9027f3372297e3a2') in 0.019996 seconds
  Import took 0.065381 seconds .

========================================================================
Received Import Request.
  Time since last request: 1.245859 seconds.
  path: Assets/Images/Background Images/BG_10.jpg
  artifactKey: Guid(4f2758dd74e2bd44b9a56c4025aefdec) Importer(815301076,1909f56bfc062723c751e8b465ee728b)
Start importing Assets/Images/Background Images/BG_10.jpg using Guid(4f2758dd74e2bd44b9a56c4025aefdec) Importer(815301076,1909f56bfc062723c751e8b465ee728b)  -> (artifact id: 'd6fbbcfa77dcbc7d46d910b7a664038b') in 0.021597 seconds
  Import took 0.060574 seconds .

========================================================================
Received Import Request.
  Time since last request: 0.081843 seconds.
  path: Assets/Images/Environment
  artifactKey: Guid(48c9eab19bf68e54b9d0e8fc9a4d50bc) Importer(815301076,1909f56bfc062723c751e8b465ee728b)
Start importing Assets/Images/Environment using Guid(48c9eab19bf68e54b9d0e8fc9a4d50bc) Importer(815301076,1909f56bfc062723c751e8b465ee728b)  -> (artifact id: '14c9be0df253ac5c5f610f5d8653bc73') in 0.007440 seconds
  Import took 0.063502 seconds .

========================================================================
Received Import Request.
  Time since last request: 81.133553 seconds.
  path: Assets/Images/Environment/Vine_resized.png
  artifactKey: Guid(1df4167ad2473294d9e85177e144eea1) Importer(815301076,1909f56bfc062723c751e8b465ee728b)
Start importing Assets/Images/Environment/Vine_resized.png using Guid(1df4167ad2473294d9e85177e144eea1) Importer(815301076,1909f56bfc062723c751e8b465ee728b)  -> (artifact id: '2011374bf5ca1e364fe2ff0c35ced3e6') in 0.170118 seconds
  Import took 0.200563 seconds .

========================================================================
Received Import Request.
  Time since last request: 0.000197 seconds.
  path: Assets/Images/Temp Images/white_circle.png
  artifactKey: Guid(ae4ddf82a317d5046a96885b3bd12d0e) Importer(815301076,1909f56bfc062723c751e8b465ee728b)
Start importing Assets/Images/Temp Images/white_circle.png using Guid(ae4ddf82a317d5046a96885b3bd12d0e) Importer(815301076,1909f56bfc062723c751e8b465ee728b)  -> (artifact id: 'a223c9b54af6055b8348c0c5d7f127ae') in 0.022859 seconds
  Import took 0.144085 seconds .

========================================================================
Received Import Request.
  Time since last request: 0.000215 seconds.
  path: Assets/Images/Environment/Vine.png
  artifactKey: Guid(115029d8e1b3bde46bc70ae71803b930) Importer(815301076,1909f56bfc062723c751e8b465ee728b)
Start importing Assets/Images/Environment/Vine.png using Guid(115029d8e1b3bde46bc70ae71803b930) Importer(815301076,1909f56bfc062723c751e8b465ee728b)  -> (artifact id: 'c0955adf12cc4f75e91321aff48623a8') in 0.077396 seconds
  Import took 0.080911 seconds .

========================================================================
Received Import Request.
  Time since last request: 0.036484 seconds.
  path: Assets/Images/Environment/Vine.png
  artifactKey: Guid(115029d8e1b3bde46bc70ae71803b930) Importer(815301076,1909f56bfc062723c751e8b465ee728b)
Start importing Assets/Images/Environment/Vine.png using Guid(115029d8e1b3bde46bc70ae71803b930) Importer(815301076,1909f56bfc062723c751e8b465ee728b)  -> (artifact id: 'c0955adf12cc4f75e91321aff48623a8') in 0.033895 seconds
  Import took 0.051995 seconds .

========================================================================
Received Import Request.
  Time since last request: 0.028493 seconds.
  path: Assets/Images/Environment/Vine 1.png
  artifactKey: Guid(7aba212587ff21549b59f039dc9bbe53) Importer(815301076,1909f56bfc062723c751e8b465ee728b)
Start importing Assets/Images/Environment/Vine 1.png using Guid(7aba212587ff21549b59f039dc9bbe53) Importer(815301076,1909f56bfc062723c751e8b465ee728b)  -> (artifact id: 'cf8033ca7c1e3cb28428c1a7f9f62ec5') in 0.054223 seconds
  Import took 0.159290 seconds .

========================================================================
Received Import Request.
  Time since last request: 0.007038 seconds.
  path: Assets/Images/Environment/Vine 1.png
  artifactKey: Guid(7aba212587ff21549b59f039dc9bbe53) Importer(815301076,1909f56bfc062723c751e8b465ee728b)
Start importing Assets/Images/Environment/Vine 1.png using Guid(7aba212587ff21549b59f039dc9bbe53) Importer(815301076,1909f56bfc062723c751e8b465ee728b)  -> (artifact id: 'cf8033ca7c1e3cb28428c1a7f9f62ec5') in 0.029636 seconds
  Import took 0.033826 seconds .

========================================================================
Received Import Request.
  Time since last request: 13.582788 seconds.
  path: Assets/Images/Temp Images/temp_vine 1.png
  artifactKey: Guid(4290d5c000c917143a12f1244585689c) Importer(815301076,1909f56bfc062723c751e8b465ee728b)
Start importing Assets/Images/Temp Images/temp_vine 1.png using Guid(4290d5c000c917143a12f1244585689c) Importer(815301076,1909f56bfc062723c751e8b465ee728b)  -> (artifact id: 'd417013fc0784a98b57618ade0ec73f2') in 0.112819 seconds
  Import took 0.260868 seconds .

========================================================================
Received Import Request.
  Time since last request: 0.000382 seconds.
  path: Assets/Images/Temp Images/TempUIImages/tempResetIcon.png
  artifactKey: Guid(1987e4c0641599f48bba0f5fc00e959b) Importer(815301076,1909f56bfc062723c751e8b465ee728b)
Start importing Assets/Images/Temp Images/TempUIImages/tempResetIcon.png using Guid(1987e4c0641599f48bba0f5fc00e959b) Importer(815301076,1909f56bfc062723c751e8b465ee728b)  -> (artifact id: 'dbe075287c7b55217d7f0db4a785b2eb') in 0.042854 seconds
  Import took 0.084725 seconds .

========================================================================
Received Import Request.
  Time since last request: 0.861856 seconds.
  path: Assets/Images/Player/Player_Icon.png
  artifactKey: Guid(2d78d3cf153755b4688b85fef8476c35) Importer(815301076,1909f56bfc062723c751e8b465ee728b)
Start importing Assets/Images/Player/Player_Icon.png using Guid(2d78d3cf153755b4688b85fef8476c35) Importer(815301076,1909f56bfc062723c751e8b465ee728b)  -> (artifact id: '810418c0abec0067c9189c8171880fb2') in 0.179309 seconds
  Import took 0.201227 seconds .

========================================================================
Received Import Request.
  Time since last request: 0.000339 seconds.
  path: Assets/Sunnyland/artwork/Sprites/Enemies/frog/idle/frog-idle-3.png
  artifactKey: Guid(662ace939438646e7a4067a89ec54b9e) Importer(815301076,1909f56bfc062723c751e8b465ee728b)
Start importing Assets/Sunnyland/artwork/Sprites/Enemies/frog/idle/frog-idle-3.png using Guid(662ace939438646e7a4067a89ec54b9e) Importer(815301076,1909f56bfc062723c751e8b465ee728b)  -> (artifact id: '4dcc6d85338326bf3728b34a7b54241a') in 0.052194 seconds
  Import took 0.056733 seconds .

========================================================================
Received Import Request.
  Time since last request: 0.000255 seconds.
  path: Assets/Sunnyland/artwork/Sprites/Enemies/eagle/eagle-attack-4.png
  artifactKey: Guid(63301056ddf5f4841800915f26c302d2) Importer(815301076,1909f56bfc062723c751e8b465ee728b)
Start importing Assets/Sunnyland/artwork/Sprites/Enemies/eagle/eagle-attack-4.png using Guid(63301056ddf5f4841800915f26c302d2) Importer(815301076,1909f56bfc062723c751e8b465ee728b)  -> (artifact id: '01d4151659f19289a47f1316eedf8a74') in 0.154200 seconds
  Import took 0.158470 seconds .

========================================================================
Received Import Request.
  Time since last request: 0.000320 seconds.
  path: Assets/Sunnyland/artwork/Environment/props/door.png
  artifactKey: Guid(8a26d60fb45014bcd9bb392106f7c98b) Importer(815301076,1909f56bfc062723c751e8b465ee728b)
Start importing Assets/Sunnyland/artwork/Environment/props/door.png using Guid(8a26d60fb45014bcd9bb392106f7c98b) Importer(815301076,1909f56bfc062723c751e8b465ee728b)  -> (artifact id: 'a562cd0dfb04220d08a0aed1ebe9b782') in 0.053358 seconds
  Import took 0.103444 seconds .

========================================================================
Received Import Request.
  Time since last request: 0.000261 seconds.
  path: Assets/Sunnyland/artwork/Sprites/Fx/item-feedback/item-feedback-4.png
  artifactKey: Guid(d1c3b6a233b524474899f14a81d5c3b5) Importer(815301076,1909f56bfc062723c751e8b465ee728b)
Start importing Assets/Sunnyland/artwork/Sprites/Fx/item-feedback/item-feedback-4.png using Guid(d1c3b6a233b524474899f14a81d5c3b5) Importer(815301076,1909f56bfc062723c751e8b465ee728b)  -> (artifact id: 'c97608547527ad513fa00a33216ecef9') in 0.047507 seconds
  Import took 0.186113 seconds .

========================================================================
Received Import Request.
  Time since last request: 0.000220 seconds.
  path: Assets/Images/Environment/Singles/Asset_Blockouts_2_Flipped.png
  artifactKey: Guid(64d280a026331b84681ce66d318204a3) Importer(815301076,1909f56bfc062723c751e8b465ee728b)
Start importing Assets/Images/Environment/Singles/Asset_Blockouts_2_Flipped.png using Guid(64d280a026331b84681ce66d318204a3) Importer(815301076,1909f56bfc062723c751e8b465ee728b)  -> (artifact id: '84b3ddd46a57660937922d125a705ac4') in 0.055665 seconds
  Import took 0.110164 seconds .

========================================================================
Received Import Request.
  Time since last request: 0.000323 seconds.
  path: Assets/Sunnyland/artwork/Sprites/Items/cherry/cherry-5.png
  artifactKey: Guid(273ba8fade558457eb836eefe69bba7f) Importer(815301076,1909f56bfc062723c751e8b465ee728b)
Start importing Assets/Sunnyland/artwork/Sprites/Items/cherry/cherry-5.png using Guid(273ba8fade558457eb836eefe69bba7f) Importer(815301076,1909f56bfc062723c751e8b465ee728b)  -> (artifact id: '4e06b443e9ddb40e4cd985799cd87eff') in 0.027728 seconds
  Import took 0.031303 seconds .

========================================================================
Received Import Request.
  Time since last request: 0.000225 seconds.
  path: Assets/Sunnyland/artwork/Sprites/Fx/item-feedback/item-feedback-3.png
  artifactKey: Guid(857b27bf305c140dab35e3de694fcfbc) Importer(815301076,1909f56bfc062723c751e8b465ee728b)
Start importing Assets/Sunnyland/artwork/Sprites/Fx/item-feedback/item-feedback-3.png using Guid(857b27bf305c140dab35e3de694fcfbc) Importer(815301076,1909f56bfc062723c751e8b465ee728b)  -> (artifact id: '5cca15443c99c3ca7d0cb9785ad41321') in 0.052185 seconds
  Import took 0.098650 seconds .

========================================================================
Received Import Request.
  Time since last request: 0.000239 seconds.
  path: Assets/Sunnyland/artwork/Sprites/Items/cherry/cherry-4.png
  artifactKey: Guid(4f3dc6ccaf04b4061a059006d96715f1) Importer(815301076,1909f56bfc062723c751e8b465ee728b)
Start importing Assets/Sunnyland/artwork/Sprites/Items/cherry/cherry-4.png using Guid(4f3dc6ccaf04b4061a059006d96715f1) Importer(815301076,1909f56bfc062723c751e8b465ee728b)  -> (artifact id: '7b31013bc87f81d89c4b83695d5dffe6') in 0.019905 seconds
  Import took 0.065160 seconds .

========================================================================
Received Import Request.
  Time since last request: 0.000220 seconds.
  path: Assets/Main Menu.png
  artifactKey: Guid(3dcde21068859d543a2dc31335e552a1) Importer(815301076,1909f56bfc062723c751e8b465ee728b)
Start importing Assets/Main Menu.png using Guid(3dcde21068859d543a2dc31335e552a1) Importer(815301076,1909f56bfc062723c751e8b465ee728b)  -> (artifact id: '4fa855c076772144fc3aa8319356c914') in 0.016363 seconds
  Import took 0.120783 seconds .

========================================================================
Received Import Request.
  Time since last request: 0.000212 seconds.
  path: Assets/Sunnyland/artwork/Sprites/Items/gem/gem-3.png
  artifactKey: Guid(de20f767e3f3f4aff870112daa2b2562) Importer(815301076,1909f56bfc062723c751e8b465ee728b)
Start importing Assets/Sunnyland/artwork/Sprites/Items/gem/gem-3.png using Guid(de20f767e3f3f4aff870112daa2b2562) Importer(815301076,1909f56bfc062723c751e8b465ee728b)  -> (artifact id: '97f7554ead08e914bf40ab6f8a8d819c') in 0.031828 seconds
  Import took 0.043789 seconds .

========================================================================
Received Import Request.
  Time since last request: 0.000282 seconds.
  path: Assets/Sunnyland/artwork/Environment/props/crank-down.png
  artifactKey: Guid(d3240c946631a4966b1bcab3db999126) Importer(815301076,1909f56bfc062723c751e8b465ee728b)
Start importing Assets/Sunnyland/artwork/Environment/props/crank-down.png using Guid(d3240c946631a4966b1bcab3db999126) Importer(815301076,1909f56bfc062723c751e8b465ee728b)  -> (artifact id: 'fb891e8130a688c5be4da9f28ac60541') in 0.024265 seconds
  Import took 0.070473 seconds .

========================================================================
Received Import Request.
  Time since last request: 0.000311 seconds.
  path: Assets/Sunnyland/artwork/Sprites/Fx/enemy-death/enemy-death-2.png
  artifactKey: Guid(1c8013ef5a0c147a5a059fde439f12b6) Importer(815301076,1909f56bfc062723c751e8b465ee728b)
Start importing Assets/Sunnyland/artwork/Sprites/Fx/enemy-death/enemy-death-2.png using Guid(1c8013ef5a0c147a5a059fde439f12b6) Importer(815301076,1909f56bfc062723c751e8b465ee728b)  -> (artifact id: 'b3c2a8be91f030a923eeeb4bec3a2d41') in 0.049831 seconds
  Import took 0.096973 seconds .

========================================================================
Received Import Request.
  Time since last request: 0.000230 seconds.
  path: Assets/Images/Environment/Singles/Asset_Blockouts_6_Flipped.png
  artifactKey: Guid(ebdf50fa341de1541bf5570873cc1b87) Importer(815301076,1909f56bfc062723c751e8b465ee728b)
Start importing Assets/Images/Environment/Singles/Asset_Blockouts_6_Flipped.png using Guid(ebdf50fa341de1541bf5570873cc1b87) Importer(815301076,1909f56bfc062723c751e8b465ee728b)  -> (artifact id: '246e49ad998e5ca8f891c25fc5bd4bee') in 0.050470 seconds
  Import took 0.088420 seconds .

========================================================================
Received Import Request.
  Time since last request: 0.000241 seconds.
  path: Assets/Images/Environment/Asset_Blockouts.png
  artifactKey: Guid(17362607041bc4d49b8814e29e0e5fca) Importer(815301076,1909f56bfc062723c751e8b465ee728b)
Start importing Assets/Images/Environment/Asset_Blockouts.png using Guid(17362607041bc4d49b8814e29e0e5fca) Importer(815301076,1909f56bfc062723c751e8b465ee728b)  -> (artifact id: '2f680e33b35da2889c10d0de502d2607') in 0.387986 seconds
  Import took 0.422227 seconds .

========================================================================
Received Import Request.
  Time since last request: 0.000301 seconds.
  path: Assets/Sunnyland/artwork/Sprites/Enemies/eagle/eagle-attack-2.png
  artifactKey: Guid(c97786e9459b34e058449b84cd9aab61) Importer(815301076,1909f56bfc062723c751e8b465ee728b)
Start importing Assets/Sunnyland/artwork/Sprites/Enemies/eagle/eagle-attack-2.png using Guid(c97786e9459b34e058449b84cd9aab61) Importer(815301076,1909f56bfc062723c751e8b465ee728b)  -> (artifact id: '80b93efcec5056a527dd6c63b5783a70') in 0.030045 seconds
  Import took 0.033386 seconds .

========================================================================
Received Import Request.
  Time since last request: 0.000364 seconds.
  path: Assets/Sunnyland/artwork/Sprites/Items/cherry/cherry-3.png
  artifactKey: Guid(06c04197e6f394ba897942f561e896c1) Importer(815301076,1909f56bfc062723c751e8b465ee728b)
Start importing Assets/Sunnyland/artwork/Sprites/Items/cherry/cherry-3.png using Guid(06c04197e6f394ba897942f561e896c1) Importer(815301076,1909f56bfc062723c751e8b465ee728b)  -> (artifact id: '8a2b32a1c997eca56b34f16d412c06cd') in 0.021054 seconds
  Import took 0.025041 seconds .

========================================================================
Received Import Request.
  Time since last request: 0.000283 seconds.
  path: Assets/Sunnyland/artwork/Sprites/Enemies/frog/idle/frog-idle-2.png
  artifactKey: Guid(116ac2caa16ad4f73af4539f8b07d019) Importer(815301076,1909f56bfc062723c751e8b465ee728b)
Start importing Assets/Sunnyland/artwork/Sprites/Enemies/frog/idle/frog-idle-2.png using Guid(116ac2caa16ad4f73af4539f8b07d019) Importer(815301076,1909f56bfc062723c751e8b465ee728b)  -> (artifact id: 'e40ecc159dc0b7a4f16ebfac46d1d2cf') in 0.082465 seconds
  Import took 0.146284 seconds .

========================================================================
Received Import Request.
  Time since last request: 0.000263 seconds.
  path: Assets/Images/UI/MainMenu.png
  artifactKey: Guid(95d328ab5cabbd647845fc9ed0c598b2) Importer(815301076,1909f56bfc062723c751e8b465ee728b)
Start importing Assets/Images/UI/MainMenu.png using Guid(95d328ab5cabbd647845fc9ed0c598b2) Importer(815301076,1909f56bfc062723c751e8b465ee728b)  -> (artifact id: 'b7baecccc3a691e58bb86e730220e574') in 0.016290 seconds
  Import took 0.019482 seconds .

========================================================================
Received Import Request.
  Time since last request: 0.000228 seconds.
  path: Assets/Sunnyland/artwork/Sprites/Items/gem/gem-1.png
  artifactKey: Guid(bd59bf2e866ed4529ae645637eb9c11d) Importer(815301076,1909f56bfc062723c751e8b465ee728b)
Start importing Assets/Sunnyland/artwork/Sprites/Items/gem/gem-1.png using Guid(bd59bf2e866ed4529ae645637eb9c11d) Importer(815301076,1909f56bfc062723c751e8b465ee728b)  -> (artifact id: '87510bdeb0e9b9734294eb251e7b3411') in 0.018338 seconds
  Import took 0.074826 seconds .

========================================================================
Received Import Request.
  Time since last request: 0.000236 seconds.
  path: Assets/Sunnyland/artwork/Sprites/Fx/enemy-death/enemy-death-3.png
  artifactKey: Guid(eec3312b68dc24bacb68c6f19907ddcd) Importer(815301076,1909f56bfc062723c751e8b465ee728b)
Start importing Assets/Sunnyland/artwork/Sprites/Fx/enemy-death/enemy-death-3.png using Guid(eec3312b68dc24bacb68c6f19907ddcd) Importer(815301076,1909f56bfc062723c751e8b465ee728b)  -> (artifact id: 'c187ca28c6acc3c3c2fa1af783197bdd') in 0.036281 seconds
  Import took 0.072475 seconds .

========================================================================
Received Import Request.
  Time since last request: 0.000325 seconds.
  path: Assets/Sunnyland/artwork/Environment/props/block-big.png
  artifactKey: Guid(5bccf13ce09bd43e39c1c3416d5de92c) Importer(815301076,1909f56bfc062723c751e8b465ee728b)
Start importing Assets/Sunnyland/artwork/Environment/props/block-big.png using Guid(5bccf13ce09bd43e39c1c3416d5de92c) Importer(815301076,1909f56bfc062723c751e8b465ee728b)  -> (artifact id: '40b3228d893e9b89e44f851d36413381') in 0.018679 seconds
  Import took 0.036247 seconds .

========================================================================
Received Import Request.
  Time since last request: 0.000291 seconds.
  path: Assets/Sunnyland/artwork/Environment/props/big-crate.png
  artifactKey: Guid(3fc2bbd409bf34ab6af1637bab569da1) Importer(815301076,1909f56bfc062723c751e8b465ee728b)
Start importing Assets/Sunnyland/artwork/Environment/props/big-crate.png using Guid(3fc2bbd409bf34ab6af1637bab569da1) Importer(815301076,1909f56bfc062723c751e8b465ee728b)  -> (artifact id: 'fbc6a5982ca2b3ad84379e986eeb76df') in 0.028562 seconds
  Import took 0.032981 seconds .

========================================================================
Received Import Request.
  Time since last request: 0.000504 seconds.
  path: Assets/Sunnyland/artwork/Sprites/Items/cherry/cherry-2.png
  artifactKey: Guid(8582e97fa62334fbd8bd10c1052e27b8) Importer(815301076,1909f56bfc062723c751e8b465ee728b)
Start importing Assets/Sunnyland/artwork/Sprites/Items/cherry/cherry-2.png using Guid(8582e97fa62334fbd8bd10c1052e27b8) Importer(815301076,1909f56bfc062723c751e8b465ee728b)  -> (artifact id: '3f2240703c6a88f9114bce2d1970103c') in 0.018618 seconds
  Import took 0.044278 seconds .

========================================================================
Received Import Request.
  Time since last request: 0.000289 seconds.
  path: Assets/Images/UI/Credits.png
  artifactKey: Guid(ea126d5fedba2cd48b1af83604df5b9c) Importer(815301076,1909f56bfc062723c751e8b465ee728b)
Start importing Assets/Images/UI/Credits.png using Guid(ea126d5fedba2cd48b1af83604df5b9c) Importer(815301076,1909f56bfc062723c751e8b465ee728b)  -> (artifact id: '2ef02215465bc0166f8d4cd3a979f6ab') in 0.017342 seconds
  Import took 0.021331 seconds .

========================================================================
Received Import Request.
  Time since last request: 0.000239 seconds.
  path: Assets/Images/UI/Keys.png
  artifactKey: Guid(043b9ff2a5646b74986a457b36f1e16d) Importer(815301076,1909f56bfc062723c751e8b465ee728b)
Start importing Assets/Images/UI/Keys.png using Guid(043b9ff2a5646b74986a457b36f1e16d) Importer(815301076,1909f56bfc062723c751e8b465ee728b)  -> (artifact id: '64e46481148a31a21ff82e69dfc15645') in 0.016564 seconds
  Import took 0.059709 seconds .

========================================================================
Received Import Request.
  Time since last request: 0.000247 seconds.
  path: Assets/Sunnyland/artwork/Sprites/Fx/enemy-death/enemy-death-5.png
  artifactKey: Guid(635cdc790083c4be9a6a4feb8d976afc) Importer(815301076,1909f56bfc062723c751e8b465ee728b)
Start importing Assets/Sunnyland/artwork/Sprites/Fx/enemy-death/enemy-death-5.png using Guid(635cdc790083c4be9a6a4feb8d976afc) Importer(815301076,1909f56bfc062723c751e8b465ee728b)  -> (artifact id: '13f25ece83c2fa9fd7cc875c8175f3bb') in 0.052774 seconds
  Import took 0.056798 seconds .

========================================================================
Received Import Request.
  Time since last request: 0.000214 seconds.
  path: Assets/Sunnyland/artwork/Environment/props/crate.png
  artifactKey: Guid(794aa25d484d140d89ea9601c122ece0) Importer(815301076,1909f56bfc062723c751e8b465ee728b)
Start importing Assets/Sunnyland/artwork/Environment/props/crate.png using Guid(794aa25d484d140d89ea9601c122ece0) Importer(815301076,1909f56bfc062723c751e8b465ee728b)  -> (artifact id: '94296bdf7637e0a16166e5f29e5265f2') in 0.031749 seconds
  Import took 0.078979 seconds .

========================================================================
Received Import Request.
  Time since last request: 0.000245 seconds.
  path: Assets/Sunnyland/artwork/Sprites/Items/cherry/cherry-7.png
  artifactKey: Guid(056b6a3f6e14d4af2a7d641c4dd44e79) Importer(815301076,1909f56bfc062723c751e8b465ee728b)
Start importing Assets/Sunnyland/artwork/Sprites/Items/cherry/cherry-7.png using Guid(056b6a3f6e14d4af2a7d641c4dd44e79) Importer(815301076,1909f56bfc062723c751e8b465ee728b)  -> (artifact id: '6ff657c4d25f84085f71bc6989e1badd') in 0.018374 seconds
  Import took 0.080737 seconds .

========================================================================
Received Import Request.
  Time since last request: 0.000352 seconds.
  path: Assets/Sunnyland/artwork/Sprites/Fx/enemy-death/enemy-death-6.png
  artifactKey: Guid(f2065fb3797f1427aa8b3fc04af35e35) Importer(815301076,1909f56bfc062723c751e8b465ee728b)
Start importing Assets/Sunnyland/artwork/Sprites/Fx/enemy-death/enemy-death-6.png using Guid(f2065fb3797f1427aa8b3fc04af35e35) Importer(815301076,1909f56bfc062723c751e8b465ee728b)  -> (artifact id: 'd0a46263d8020995d71b6f938950dce3') in 0.046882 seconds
  Import took 0.058089 seconds .

========================================================================
Received Import Request.
  Time since last request: 0.000207 seconds.
  path: Assets/Sunnyland/artwork/Sprites/Items/gem/gem-4.png
  artifactKey: Guid(5f35659c40d6a435fade670c478a52b1) Importer(815301076,1909f56bfc062723c751e8b465ee728b)
Start importing Assets/Sunnyland/artwork/Sprites/Items/gem/gem-4.png using Guid(5f35659c40d6a435fade670c478a52b1) Importer(815301076,1909f56bfc062723c751e8b465ee728b)  -> (artifact id: 'a101e61e0665d5c9a09853fb9b73779b') in 0.013756 seconds
  Import took 0.020530 seconds .

========================================================================
Received Import Request.
  Time since last request: 0.000228 seconds.
  path: Assets/Sunnyland/artwork/Sprites/Enemies/frog/idle/frog-idle-4.png
  artifactKey: Guid(b0305a6bb0adb4f66b864290967ea22b) Importer(815301076,1909f56bfc062723c751e8b465ee728b)
Start importing Assets/Sunnyland/artwork/Sprites/Enemies/frog/idle/frog-idle-4.png using Guid(b0305a6bb0adb4f66b864290967ea22b) Importer(815301076,1909f56bfc062723c751e8b465ee728b)  -> (artifact id: '4d5c520be2d010f55f525ac9ce57c27c') in 0.031375 seconds
  Import took 0.034810 seconds .

========================================================================
Received Import Request.
  Time since last request: 0.000219 seconds.
  path: Assets/Sunnyland/artwork/Sprites/Enemies/frog/idle/frog-idle-1.png
  artifactKey: Guid(86ca59b9bca0e409b9ba2784fbe69f01) Importer(815301076,1909f56bfc062723c751e8b465ee728b)
Start importing Assets/Sunnyland/artwork/Sprites/Enemies/frog/idle/frog-idle-1.png using Guid(86ca59b9bca0e409b9ba2784fbe69f01) Importer(815301076,1909f56bfc062723c751e8b465ee728b)  -> (artifact id: 'aaebfb5fac8d9968d3387541594356f5') in 0.064917 seconds
  Import took 0.068046 seconds .

========================================================================
Received Import Request.
  Time since last request: 0.000280 seconds.
  path: Assets/Sunnyland/artwork/Environment/props/bush.png
  artifactKey: Guid(ecc204495234d40f091d828790c56287) Importer(815301076,1909f56bfc062723c751e8b465ee728b)
Start importing Assets/Sunnyland/artwork/Environment/props/bush.png using Guid(ecc204495234d40f091d828790c56287) Importer(815301076,1909f56bfc062723c751e8b465ee728b)  -> (artifact id: 'b9b195bc47372366ff9f5db4db6dfc0b') in 0.023349 seconds
  Import took 0.035989 seconds .

========================================================================
Received Import Request.
  Time since last request: 0.000443 seconds.
  path: Assets/Sunnyland/artwork/Sprites/Enemies/frog/jump/frog-jump-1.png
  artifactKey: Guid(54bcabc188c6640f1a298f013d4716df) Importer(815301076,1909f56bfc062723c751e8b465ee728b)
Start importing Assets/Sunnyland/artwork/Sprites/Enemies/frog/jump/frog-jump-1.png using Guid(54bcabc188c6640f1a298f013d4716df) Importer(815301076,1909f56bfc062723c751e8b465ee728b)  -> (artifact id: '177318e6bebe1fe425c0440f45fa5115') in 0.028027 seconds
  Import took 0.032184 seconds .

========================================================================
Received Import Request.
  Time since last request: 0.000454 seconds.
  path: Assets/Images/Temp Images/temp_vine.png
  artifactKey: Guid(648a8b6741190fb4da57e853694bf096) Importer(815301076,1909f56bfc062723c751e8b465ee728b)
Start importing Assets/Images/Temp Images/temp_vine.png using Guid(648a8b6741190fb4da57e853694bf096) Importer(815301076,1909f56bfc062723c751e8b465ee728b)  -> (artifact id: 'f255074a2ae0f912e736be5e5827f189') in 0.031677 seconds
  Import took 0.035693 seconds .

========================================================================
Received Import Request.
  Time since last request: 0.000307 seconds.
  path: Assets/Sunnyland/artwork/Sprites/Enemies/eagle/eagle-attack-3.png
  artifactKey: Guid(36ec151523b4340ef982c2e9eb0af881) Importer(815301076,1909f56bfc062723c751e8b465ee728b)
Start importing Assets/Sunnyland/artwork/Sprites/Enemies/eagle/eagle-attack-3.png using Guid(36ec151523b4340ef982c2e9eb0af881) Importer(815301076,1909f56bfc062723c751e8b465ee728b)  -> (artifact id: '13d34fb5ea75d1263bb5fe983540c1cd') in 0.036894 seconds
  Import took 0.041027 seconds .

========================================================================
Received Import Request.
  Time since last request: 0.000331 seconds.
  path: Assets/Sunnyland/artwork/Environment/back.png
  artifactKey: Guid(8e160a2a620644cd6afef9119dad1093) Importer(815301076,1909f56bfc062723c751e8b465ee728b)
Start importing Assets/Sunnyland/artwork/Environment/back.png using Guid(8e160a2a620644cd6afef9119dad1093) Importer(815301076,1909f56bfc062723c751e8b465ee728b)  -> (artifact id: '7d343ed6e516d7b3f06d01bab7766d81') in 0.069390 seconds
  Import took 0.073344 seconds .

========================================================================
Received Import Request.
  Time since last request: 0.000316 seconds.
  path: Assets/Sunnyland/artwork/Sprites/Fx/enemy-death/enemy-death-4.png
  artifactKey: Guid(662dde2f5e71c4d47aadb2a90334c7c8) Importer(815301076,1909f56bfc062723c751e8b465ee728b)
Start importing Assets/Sunnyland/artwork/Sprites/Fx/enemy-death/enemy-death-4.png using Guid(662dde2f5e71c4d47aadb2a90334c7c8) Importer(815301076,1909f56bfc062723c751e8b465ee728b)  -> (artifact id: 'cc4b3dd7495b3447c4e75485377e9229') in 0.019046 seconds
  Import took 0.066198 seconds .

========================================================================
Received Import Request.
  Time since last request: 0.000291 seconds.
  path: Assets/Images/UI/Keys_Used.png
  artifactKey: Guid(5b88e91dea114ca44b6410f7e72ce357) Importer(815301076,1909f56bfc062723c751e8b465ee728b)
Start importing Assets/Images/UI/Keys_Used.png using Guid(5b88e91dea114ca44b6410f7e72ce357) Importer(815301076,1909f56bfc062723c751e8b465ee728b)  -> (artifact id: '36ebfa6f940a069dea8081547a4e78c5') in 0.014254 seconds
  Import took 0.071846 seconds .

========================================================================
Received Import Request.
  Time since last request: 0.000334 seconds.
  path: Assets/Sunnyland/artwork/Sprites/Enemies/frog/jump/frog-jump-2.png
  artifactKey: Guid(54925aea4bcc94726afa87df59ae72f7) Importer(815301076,1909f56bfc062723c751e8b465ee728b)
Start importing Assets/Sunnyland/artwork/Sprites/Enemies/frog/jump/frog-jump-2.png using Guid(54925aea4bcc94726afa87df59ae72f7) Importer(815301076,1909f56bfc062723c751e8b465ee728b)  -> (artifact id: '88fb9ccb7de65d8c914f49fc4a930529') in 0.017784 seconds
  Import took 0.046420 seconds .

========================================================================
Received Import Request.
  Time since last request: 0.000313 seconds.
  path: Assets/Sunnyland/artwork/Sprites/Fx/item-feedback/item-feedback-1.png
  artifactKey: Guid(1a4497d8531b845f185bb7742441138d) Importer(815301076,1909f56bfc062723c751e8b465ee728b)
Start importing Assets/Sunnyland/artwork/Sprites/Fx/item-feedback/item-feedback-1.png using Guid(1a4497d8531b845f185bb7742441138d) Importer(815301076,1909f56bfc062723c751e8b465ee728b)  -> (artifact id: '54177a3eb87d84db8fbfe01af9bb4e7e') in 0.034562 seconds
  Import took 0.087697 seconds .

========================================================================
Received Import Request.
  Time since last request: 0.000305 seconds.
  path: Assets/Sunnyland/artwork/Sprites/Enemies/eagle/eagle-attack-1.png
  artifactKey: Guid(f240dfd4814d34d55a9b033f3c9d8a60) Importer(815301076,1909f56bfc062723c751e8b465ee728b)
Start importing Assets/Sunnyland/artwork/Sprites/Enemies/eagle/eagle-attack-1.png using Guid(f240dfd4814d34d55a9b033f3c9d8a60) Importer(815301076,1909f56bfc062723c751e8b465ee728b)  -> (artifact id: '620ae0fa1e288601fe047197850e2882') in 0.024503 seconds
  Import took 0.098227 seconds .

========================================================================
Received Import Request.
  Time since last request: 0.000236 seconds.
  path: Assets/Images/Temp Images/black_circle.png
  artifactKey: Guid(a5d707be33813dd4aa17892ce0b6369e) Importer(815301076,1909f56bfc062723c751e8b465ee728b)
Start importing Assets/Images/Temp Images/black_circle.png using Guid(a5d707be33813dd4aa17892ce0b6369e) Importer(815301076,1909f56bfc062723c751e8b465ee728b)  -> (artifact id: 'd4fe46865a64bff6a11e47486e575177') in 0.093742 seconds
  Import took 0.141776 seconds .

========================================================================
Received Import Request.
  Time since last request: 0.000284 seconds.
  path: Assets/Images/UI Images/Game_KeyIcons.png
  artifactKey: Guid(24101cc0911068b44affe12f1d6d1b74) Importer(815301076,1909f56bfc062723c751e8b465ee728b)
Start importing Assets/Images/UI Images/Game_KeyIcons.png using Guid(24101cc0911068b44affe12f1d6d1b74) Importer(815301076,1909f56bfc062723c751e8b465ee728b)  -> (artifact id: 'fba58dba99fde65c705f2dc521dd5b82') in 0.029837 seconds
  Import took 0.033529 seconds .

========================================================================
Received Import Request.
  Time since last request: 0.000253 seconds.
  path: Assets/Images/Temp Images/black_circle.png
  artifactKey: Guid(a5d707be33813dd4aa17892ce0b6369e) Importer(815301076,1909f56bfc062723c751e8b465ee728b)
Start importing Assets/Images/Temp Images/black_circle.png using Guid(a5d707be33813dd4aa17892ce0b6369e) Importer(815301076,1909f56bfc062723c751e8b465ee728b)  -> (artifact id: 'd4fe46865a64bff6a11e47486e575177') in 0.016893 seconds
  Import took 0.020683 seconds .

========================================================================
Received Import Request.
  Time since last request: 0.000232 seconds.
  path: Assets/Sunnyland/artwork/Sprites/Fx/enemy-death/enemy-death-1.png
  artifactKey: Guid(815f73f3585044a32811d21502d58770) Importer(815301076,1909f56bfc062723c751e8b465ee728b)
Start importing Assets/Sunnyland/artwork/Sprites/Fx/enemy-death/enemy-death-1.png using Guid(815f73f3585044a32811d21502d58770) Importer(815301076,1909f56bfc062723c751e8b465ee728b)  -> (artifact id: '48c11e7dd2e03cd20146239a5a3aa576') in 0.048983 seconds
  Import took 0.090719 seconds .

========================================================================
Received Import Request.
  Time since last request: 0.000237 seconds.
  path: Assets/Sunnyland/artwork/Environment/props/face-block.png
  artifactKey: Guid(f34e83b5f0fe1432cb87276148dc6341) Importer(815301076,1909f56bfc062723c751e8b465ee728b)
Start importing Assets/Sunnyland/artwork/Environment/props/face-block.png using Guid(f34e83b5f0fe1432cb87276148dc6341) Importer(815301076,1909f56bfc062723c751e8b465ee728b)  -> (artifact id: '5304e6e32650f2a9cbc13da7b1d95974') in 0.038636 seconds
  Import took 0.041774 seconds .

========================================================================
Received Import Request.
  Time since last request: 0.000325 seconds.
  path: Assets/Images/UI/Levels_Page1.png
  artifactKey: Guid(b3596859e246b9b4d8102041b9adfc1f) Importer(815301076,1909f56bfc062723c751e8b465ee728b)
Start importing Assets/Images/UI/Levels_Page1.png using Guid(b3596859e246b9b4d8102041b9adfc1f) Importer(815301076,1909f56bfc062723c751e8b465ee728b)  -> (artifact id: 'ab42674419acccdac255b3f9bcc89263') in 0.016250 seconds
  Import took 0.034057 seconds .

========================================================================
Received Import Request.
  Time since last request: 0.000243 seconds.
  path: Assets/Images/UI Images/Game_KeyIcons_Used.png
  artifactKey: Guid(ac677c23e74104d459f08ee81ec99274) Importer(815301076,1909f56bfc062723c751e8b465ee728b)
Start importing Assets/Images/UI Images/Game_KeyIcons_Used.png using Guid(ac677c23e74104d459f08ee81ec99274) Importer(815301076,1909f56bfc062723c751e8b465ee728b)  -> (artifact id: '34ca79aa4b108b8b7f4389a4741688da') in 0.061009 seconds
  Import took 0.107406 seconds .

========================================================================
Received Import Request.
  Time since last request: 0.000446 seconds.
  path: Assets/Sunnyland/artwork/Sprites/Fx/item-feedback/item-feedback-2.png
  artifactKey: Guid(d01b0b4f13e044d0c83c424e542ddcbf) Importer(815301076,1909f56bfc062723c751e8b465ee728b)
Start importing Assets/Sunnyland/artwork/Sprites/Fx/item-feedback/item-feedback-2.png using Guid(d01b0b4f13e044d0c83c424e542ddcbf) Importer(815301076,1909f56bfc062723c751e8b465ee728b)  -> (artifact id: 'b69d8c31d77764294a12f5111db76666') in 0.073913 seconds
  Import took 0.094854 seconds .

========================================================================
Received Import Request.
  Time since last request: 0.000302 seconds.
  path: Assets/Sunnyland/artwork/Sprites/Items/cherry/cherry-1.png
  artifactKey: Guid(bdce2a9cb3d0242958c2593a3b8d8742) Importer(815301076,1909f56bfc062723c751e8b465ee728b)
Start importing Assets/Sunnyland/artwork/Sprites/Items/cherry/cherry-1.png using Guid(bdce2a9cb3d0242958c2593a3b8d8742) Importer(815301076,1909f56bfc062723c751e8b465ee728b)  -> (artifact id: '7c6427a9298de7d2bad0df093d07c789') in 0.064808 seconds
  Import took 0.067858 seconds .

========================================================================
Received Import Request.
  Time since last request: 0.000339 seconds.
  path: Assets/Sunnyland/artwork/Environment/props/block.png
  artifactKey: Guid(8a8849b7b8b964564b9e89cb1ded0658) Importer(815301076,1909f56bfc062723c751e8b465ee728b)
Start importing Assets/Sunnyland/artwork/Environment/props/block.png using Guid(8a8849b7b8b964564b9e89cb1ded0658) Importer(815301076,1909f56bfc062723c751e8b465ee728b)  -> (artifact id: 'af6a2b5241e9866f855faf04c3e8b5b3') in 0.012383 seconds
  Import took 0.040971 seconds .

========================================================================
Received Import Request.
  Time since last request: 0.000353 seconds.
  path: Assets/Images/UI/Levels_Page2.png
  artifactKey: Guid(e63f6b441fc075a4dad7dfb9351b06d5) Importer(815301076,1909f56bfc062723c751e8b465ee728b)
Start importing Assets/Images/UI/Levels_Page2.png using Guid(e63f6b441fc075a4dad7dfb9351b06d5) Importer(815301076,1909f56bfc062723c751e8b465ee728b)  -> (artifact id: 'c3f0c8aa781f6cb82483713189b94a3e') in 0.014699 seconds
  Import took 0.066369 seconds .

========================================================================
Received Import Request.
  Time since last request: 0.000216 seconds.
  path: Assets/Sunnyland/artwork/Sprites/Items/gem/gem-2.png
  artifactKey: Guid(c9e6b5e11d0ef456eb7f7ebd3e750671) Importer(815301076,1909f56bfc062723c751e8b465ee728b)
Start importing Assets/Sunnyland/artwork/Sprites/Items/gem/gem-2.png using Guid(c9e6b5e11d0ef456eb7f7ebd3e750671) Importer(815301076,1909f56bfc062723c751e8b465ee728b)  -> (artifact id: '29a9db843115cd70544017ae889d0874') in 0.018180 seconds
  Import took 0.021580 seconds .

========================================================================
Received Import Request.
  Time since last request: 0.000389 seconds.
  path: Assets/Sunnyland/artwork/Environment/props/crank-up.png
  artifactKey: Guid(441a2d89600064d4d9ced045b19d0ae6) Importer(815301076,1909f56bfc062723c751e8b465ee728b)
Start importing Assets/Sunnyland/artwork/Environment/props/crank-up.png using Guid(441a2d89600064d4d9ced045b19d0ae6) Importer(815301076,1909f56bfc062723c751e8b465ee728b)  -> (artifact id: '397082e38dfd207e6a65d3f237f6c2b8') in 0.033332 seconds
  Import took 0.092240 seconds .

========================================================================
Received Import Request.
  Time since last request: 0.000240 seconds.
  path: Assets/Sunnyland/artwork/Sprites/Items/cherry/cherry-6.png
  artifactKey: Guid(4f35b6058a719446ba48dc4dc2704635) Importer(815301076,1909f56bfc062723c751e8b465ee728b)
Start importing Assets/Sunnyland/artwork/Sprites/Items/cherry/cherry-6.png using Guid(4f35b6058a719446ba48dc4dc2704635) Importer(815301076,1909f56bfc062723c751e8b465ee728b)  -> (artifact id: 'a41eb5fef8b51a567c1ee23a597ab524') in 0.036511 seconds
  Import took 0.040376 seconds .

========================================================================
Received Prepare
Registering precompiled user dll's ...
Registered in 0.017526 seconds.
Begin MonoManager ReloadAssembly
Native extension for WindowsStandalone target not found
Native extension for WebGL target not found
Refreshing native plugins compatible for Editor in 0.67 ms, found 3 plugins.
Preloading 0 native plugins for Editor in 0.00 ms.
Mono: successfully reloaded assembly
- Completed reload, in  0.987 seconds
Platform modules already initialized, skipping
Refreshing native plugins compatible for Editor in 0.49 ms, found 3 plugins.
Preloading 0 native plugins for Editor in 0.00 ms.
Unloading 2097 Unused Serialized files (Serialized files now loaded: 0)
System memory in use before: 96.0 MB.
System memory in use after: 96.2 MB.

Unloading 16 unused Assets to reduce memory usage. Loaded Objects now: 2609.
Total: 2.844800 ms (FindLiveObjects: 0.219800 ms CreateObjectMapping: 0.052000 ms MarkObjects: 2.522400 ms  DeleteObjects: 0.048800 ms)

========================================================================
Received Import Request.
  Time since last request: 513.715585 seconds.
  path: Assets/Scenes/LevelScene.unity
  artifactKey: Guid(bccc73f148958fe43a9e94b132ee282d) Importer(815301076,1909f56bfc062723c751e8b465ee728b)
Start importing Assets/Scenes/LevelScene.unity using Guid(bccc73f148958fe43a9e94b132ee282d) Importer(815301076,1909f56bfc062723c751e8b465ee728b)  -> (artifact id: '1a072f2ae1e78d83e2793702dcec2bd1') in 0.015913 seconds
  Import took 0.125653 seconds .

========================================================================
Received Import Request.
  Time since last request: 493.770156 seconds.
  path: Assets/Scenes/MainMenu.unity
  artifactKey: Guid(6fd2ec2eb00e0524a9dc1eff1814b870) Importer(815301076,1909f56bfc062723c751e8b465ee728b)
Start importing Assets/Scenes/MainMenu.unity using Guid(6fd2ec2eb00e0524a9dc1eff1814b870) Importer(815301076,1909f56bfc062723c751e8b465ee728b)  -> (artifact id: '5d820408912c662d4f1a1df6594bbe50') in 0.007536 seconds
  Import took 0.011108 seconds .

========================================================================
Received Import Request.
  Time since last request: 1.851925 seconds.
  path: Assets/Scenes/LevelScene.unity
  artifactKey: Guid(bccc73f148958fe43a9e94b132ee282d) Importer(815301076,1909f56bfc062723c751e8b465ee728b)
Start importing Assets/Scenes/LevelScene.unity using Guid(bccc73f148958fe43a9e94b132ee282d) Importer(815301076,1909f56bfc062723c751e8b465ee728b)  -> (artifact id: '6f92a3295a84508757c24c5b6c6ed192') in 0.002611 seconds
  Import took 0.027631 seconds .

========================================================================
Received Import Request.
  Time since last request: 453.944931 seconds.
  path: Assets/Images/Background Images
  artifactKey: Guid(64c6cd0df9d427b4980dcf56f1c57f99) Importer(815301076,1909f56bfc062723c751e8b465ee728b)
Start importing Assets/Images/Background Images using Guid(64c6cd0df9d427b4980dcf56f1c57f99) Importer(815301076,1909f56bfc062723c751e8b465ee728b)  -> (artifact id: '59e9906e1faaf68e5ff674eca0895dae') in 0.032811 seconds
  Import took 0.067023 seconds .

========================================================================
Received Import Request.
  Time since last request: 316.553626 seconds.
  path: Assets/Scenes/Levels
  artifactKey: Guid(94a909199e097b64ea1d8bac8e9bba96) Importer(815301076,1909f56bfc062723c751e8b465ee728b)
Start importing Assets/Scenes/Levels using Guid(94a909199e097b64ea1d8bac8e9bba96) Importer(815301076,1909f56bfc062723c751e8b465ee728b)  -> (artifact id: 'cfe4a119a838a0422fa4286858189a2c') in 0.009423 seconds
  Import took 0.013167 seconds .

========================================================================
Received Import Request.
  Time since last request: 0.244600 seconds.
  path: Assets/Scenes/Levels 1
  artifactKey: Guid(e539f8abca225a242a4024f7161b54ff) Importer(815301076,1909f56bfc062723c751e8b465ee728b)
Start importing Assets/Scenes/Levels 1 using Guid(e539f8abca225a242a4024f7161b54ff) Importer(815301076,1909f56bfc062723c751e8b465ee728b)  -> (artifact id: 'f152482946e93861a3c3516fc2ca8808') in 0.008224 seconds
  Import took 0.265852 seconds .

========================================================================
Received Import Request.
  Time since last request: 0.110085 seconds.
  path: Assets/Scenes/LevelScene.unity
  artifactKey: Guid(bccc73f148958fe43a9e94b132ee282d) Importer(815301076,1909f56bfc062723c751e8b465ee728b)
Start importing Assets/Scenes/LevelScene.unity using Guid(bccc73f148958fe43a9e94b132ee282d) Importer(815301076,1909f56bfc062723c751e8b465ee728b)  -> (artifact id: '1e039d35ddbafafe1b45ef86feb2e2aa') in 0.003533 seconds
  Import took 0.007474 seconds .

========================================================================
Received Import Request.
  Time since last request: 1.807899 seconds.
  path: Assets/Scenes/Levels/OldLevels
  artifactKey: Guid(5a995814a0cc86449a060d92352048f2) Importer(815301076,1909f56bfc062723c751e8b465ee728b)
Start importing Assets/Scenes/Levels/OldLevels using Guid(5a995814a0cc86449a060d92352048f2) Importer(815301076,1909f56bfc062723c751e8b465ee728b)  -> (artifact id: 'bc9b1e45314b2ba1020d4b70d820c8f3') in 0.012166 seconds
  Import took 0.047670 seconds .

========================================================================
Received Import Request.
  Time since last request: 0.371006 seconds.
  path: Assets/Scenes/Levels/Level1.unity
  artifactKey: Guid(8690c3fe96457c54093d5161301e3637) Importer(815301076,1909f56bfc062723c751e8b465ee728b)
Start importing Assets/Scenes/Levels/Level1.unity using Guid(8690c3fe96457c54093d5161301e3637) Importer(815301076,1909f56bfc062723c751e8b465ee728b)  -> (artifact id: 'a8d00f30de89976e76bf3ded91bba117') in 0.008425 seconds
  Import took 0.012846 seconds .

========================================================================
Received Import Request.
  Time since last request: 1.404537 seconds.
  path: Assets/Scenes/Levels/Level2.unity
  artifactKey: Guid(c1bf15a201d60684ea036cffe797eab6) Importer(815301076,1909f56bfc062723c751e8b465ee728b)
Start importing Assets/Scenes/Levels/Level2.unity using Guid(c1bf15a201d60684ea036cffe797eab6) Importer(815301076,1909f56bfc062723c751e8b465ee728b)  -> (artifact id: '9ecae4233a42d1e2c0d5acd0e3d707fa') in 0.026156 seconds
  Import took 0.091300 seconds .

========================================================================
Received Prepare
Registering precompiled user dll's ...
Registered in 0.058687 seconds.
Begin MonoManager ReloadAssembly
Native extension for WindowsStandalone target not found
Native extension for WebGL target not found
Refreshing native plugins compatible for Editor in 0.57 ms, found 3 plugins.
Preloading 0 native plugins for Editor in 0.00 ms.
Mono: successfully reloaded assembly
- Completed reload, in  1.082 seconds
Platform modules already initialized, skipping
Refreshing native plugins compatible for Editor in 0.56 ms, found 3 plugins.
Preloading 0 native plugins for Editor in 0.00 ms.
Unloading 2097 Unused Serialized files (Serialized files now loaded: 0)
System memory in use before: 96.2 MB.
System memory in use after: 96.3 MB.

Unloading 16 unused Assets to reduce memory usage. Loaded Objects now: 2613.
Total: 3.434300 ms (FindLiveObjects: 0.394800 ms CreateObjectMapping: 0.056000 ms MarkObjects: 2.922900 ms  DeleteObjects: 0.057900 ms)

========================================================================
Received Import Request.
  Time since last request: 103.704060 seconds.
  path: Assets/Scenes/Levels/Level1.unity
  artifactKey: Guid(458968759a1f841499e73a45a9d9b77c) Importer(815301076,1909f56bfc062723c751e8b465ee728b)
Start importing Assets/Scenes/Levels/Level1.unity using Guid(458968759a1f841499e73a45a9d9b77c) Importer(815301076,1909f56bfc062723c751e8b465ee728b)  -> (artifact id: '62b623516600dc1e3977103f20c52777') in 0.014756 seconds
  Import took 0.019192 seconds .

========================================================================
Received Import Request.
  Time since last request: 1.940599 seconds.
  path: Assets/Scenes/Levels/Level5.unity
  artifactKey: Guid(d918e88612031064d85b17194bf69cc1) Importer(815301076,1909f56bfc062723c751e8b465ee728b)
Start importing Assets/Scenes/Levels/Level5.unity using Guid(d918e88612031064d85b17194bf69cc1) Importer(815301076,1909f56bfc062723c751e8b465ee728b)  -> (artifact id: 'f0251e3383da626744dfe08539d3208b') in 0.008873 seconds
  Import took 0.013804 seconds .

========================================================================
Received Import Request.
  Time since last request: 0.465972 seconds.
  path: Assets/Scenes/Levels/Level8.unity
  artifactKey: Guid(d46270b0239473841b8be01a1b6defed) Importer(815301076,1909f56bfc062723c751e8b465ee728b)
Start importing Assets/Scenes/Levels/Level8.unity using Guid(d46270b0239473841b8be01a1b6defed) Importer(815301076,1909f56bfc062723c751e8b465ee728b)  -> (artifact id: '3792448c550b788a3f05cc1abe1e73ea') in 0.010071 seconds
  Import took 0.039094 seconds .

========================================================================
Received Import Request.
  Time since last request: 0.912557 seconds.
  path: Assets/Scenes/Levels/Level14.unity
  artifactKey: Guid(e479aaddab1941646b09f5fa973bb933) Importer(815301076,1909f56bfc062723c751e8b465ee728b)
Start importing Assets/Scenes/Levels/Level14.unity using Guid(e479aaddab1941646b09f5fa973bb933) Importer(815301076,1909f56bfc062723c751e8b465ee728b)  -> (artifact id: '3d7f5e9752ee356749af275d481d10a2') in 0.061477 seconds
  Import took 0.121331 seconds .

========================================================================
Received Import Request.
  Time since last request: 0.114325 seconds.
  path: Assets/Scenes/Levels/Level15.unity
  artifactKey: Guid(574e11fc26ac6534baf98ae3134f19fd) Importer(815301076,1909f56bfc062723c751e8b465ee728b)
Start importing Assets/Scenes/Levels/Level15.unity using Guid(574e11fc26ac6534baf98ae3134f19fd) Importer(815301076,1909f56bfc062723c751e8b465ee728b)  -> (artifact id: 'aef800ebb1c285019f0e9c5519a152bd') in 0.052815 seconds
  Import took 0.057089 seconds .

========================================================================
Received Import Request.
  Time since last request: 2.316271 seconds.
  path: Assets/Scenes/Levels/Level16.unity
  artifactKey: Guid(4b94cc8f288c82948aaf93f42b4e5eaa) Importer(815301076,1909f56bfc062723c751e8b465ee728b)
Start importing Assets/Scenes/Levels/Level16.unity using Guid(4b94cc8f288c82948aaf93f42b4e5eaa) Importer(815301076,1909f56bfc062723c751e8b465ee728b)  -> (artifact id: '5bce6f7dfa9957d1d274ec73c847b4d4') in 0.010230 seconds
  Import took 0.014774 seconds .

========================================================================
Received Prepare
Registering precompiled user dll's ...
Registered in 0.002461 seconds.
Begin MonoManager ReloadAssembly
Native extension for WindowsStandalone target not found
Native extension for WebGL target not found
Refreshing native plugins compatible for Editor in 0.86 ms, found 3 plugins.
Preloading 0 native plugins for Editor in 0.00 ms.
Mono: successfully reloaded assembly
- Completed reload, in  0.983 seconds
Platform modules already initialized, skipping
Refreshing native plugins compatible for Editor in 0.55 ms, found 3 plugins.
Preloading 0 native plugins for Editor in 0.00 ms.
Unloading 2097 Unused Serialized files (Serialized files now loaded: 0)
System memory in use before: 96.3 MB.
System memory in use after: 96.4 MB.

Unloading 16 unused Assets to reduce memory usage. Loaded Objects now: 2617.
Total: 3.164400 ms (FindLiveObjects: 0.398500 ms CreateObjectMapping: 0.109000 ms MarkObjects: 2.543900 ms  DeleteObjects: 0.111300 ms)

========================================================================
Received Prepare
Refreshing native plugins compatible for Editor in 2.55 ms, found 3 plugins.
Preloading 0 native plugins for Editor in 0.00 ms.
Unloading 14 Unused Serialized files (Serialized files now loaded: 0)
System memory in use before: 55.1 MB.
System memory in use after: 55.2 MB.

Unloading 14 unused Assets to reduce memory usage. Loaded Objects now: 2617.
Total: 2.862500 ms (FindLiveObjects: 0.273800 ms CreateObjectMapping: 0.100500 ms MarkObjects: 2.465600 ms  DeleteObjects: 0.021200 ms)

========================================================================
Received Prepare
Refreshing native plugins compatible for Editor in 2.74 ms, found 3 plugins.
Preloading 0 native plugins for Editor in 0.00 ms.
Unloading 14 Unused Serialized files (Serialized files now loaded: 0)
System memory in use before: 55.1 MB.
System memory in use after: 55.2 MB.

Unloading 14 unused Assets to reduce memory usage. Loaded Objects now: 2617.
Total: 3.057000 ms (FindLiveObjects: 0.268300 ms CreateObjectMapping: 0.052800 ms MarkObjects: 2.714600 ms  DeleteObjects: 0.020100 ms)

========================================================================
Received Import Request.
  Time since last request: 300.923066 seconds.
  path: Assets/Scenes/MainMenu.unity
  artifactKey: Guid(6fd2ec2eb00e0524a9dc1eff1814b870) Importer(815301076,1909f56bfc062723c751e8b465ee728b)
Start importing Assets/Scenes/MainMenu.unity using Guid(6fd2ec2eb00e0524a9dc1eff1814b870) Importer(815301076,1909f56bfc062723c751e8b465ee728b)  -> (artifact id: '35cc72711dadd77735e3678abaa68f52') in 0.016924 seconds
  Import took 0.022373 seconds .

========================================================================
Received Prepare
Refreshing native plugins compatible for Editor in 2.58 ms, found 3 plugins.
Preloading 0 native plugins for Editor in 0.00 ms.
Unloading 14 Unused Serialized files (Serialized files now loaded: 0)
System memory in use before: 55.1 MB.
System memory in use after: 55.3 MB.

Unloading 14 unused Assets to reduce memory usage. Loaded Objects now: 2617.
Total: 4.961600 ms (FindLiveObjects: 0.425300 ms CreateObjectMapping: 0.058100 ms MarkObjects: 4.456700 ms  DeleteObjects: 0.020400 ms)

AssetImportWorkerClient::OnTransportError - code=2 error=End of file
