Using pre-set license
Built from '2020.3/staging' branch; Version is '2020.3.10f1 (297d780c91bc) revision 2719096'; Using compiler version '192528614'; Build Type 'Release'
OS: 'Windows 10 Home Single Language; OS build 19043.1110; Version 2009; 64bit' Language: 'en' Physical Memory: 7599 MB
BatchMode: 1, IsHumanControllingUs: 0, StartBugReporterOnCrash: 0, Is64bit: 1, IsPro: 0

 COMMAND LINE ARGUMENTS:
C:\Program Files\Unity\Hub\Editor\2020.3.10f1\Editor\Unity.exe
-adb2
-batchMode
-noUpm
-name
AssetImportWorker0
-projectPath
X:/GameJam/GameJobsLive/GMLGame Jam 21
-logFile
Logs/AssetImportWorker0.log
-srvPort
52709
Successfully changed project path to: X:/GameJam/GameJobsLive/GMLGame Jam 21
X:/GameJam/GameJobsLive/GMLGame Jam 21
Using Asset Import Pipeline V2.
Refreshing native plugins compatible for Editor in 189.16 ms, found 3 plugins.
Preloading 0 native plugins for Editor in 0.00 ms.
Initialize engine version: 2020.3.10f1 (297d780c91bc)
[Subsystems] Discovering subsystems at path C:/Program Files/Unity/Hub/Editor/2020.3.10f1/Editor/Data/Resources/UnitySubsystems
[Subsystems] Discovering subsystems at path X:/GameJam/GameJobsLive/GMLGame Jam 21/Assets
GfxDevice: creating device client; threaded=0
Direct3D:
    Version:  Direct3D 11.0 [level 11.1]
    Renderer: NVIDIA GeForce GTX 1650 (ID=0x1f99)
    Vendor:   
    VRAM:     3962 MB
    Driver:   27.21.14.6089
Initialize mono
Mono path[0] = 'C:/Program Files/Unity/Hub/Editor/2020.3.10f1/Editor/Data/Managed'
Mono path[1] = 'C:/Program Files/Unity/Hub/Editor/2020.3.10f1/Editor/Data/MonoBleedingEdge/lib/mono/unityjit'
Mono config path = 'C:/Program Files/Unity/Hub/Editor/2020.3.10f1/Editor/Data/MonoBleedingEdge/etc'
Using monoOptions --debugger-agent=transport=dt_socket,embedding=1,server=y,suspend=n,address=127.0.0.1:56888
Begin MonoManager ReloadAssembly
Registering precompiled unity dll's ...
Register platform support module: C:/Program Files/Unity/Hub/Editor/2020.3.10f1/Editor/Data/PlaybackEngines/WebGLSupport/UnityEditor.WebGL.Extensions.dll
Register platform support module: C:/Program Files/Unity/Hub/Editor/2020.3.10f1/Editor/Data/PlaybackEngines/WindowsStandaloneSupport/UnityEditor.WindowsStandalone.Extensions.dll
Registered in 0.035860 seconds.
Native extension for WindowsStandalone target not found
Native extension for WebGL target not found
Refreshing native plugins compatible for Editor in 41.65 ms, found 3 plugins.
Preloading 0 native plugins for Editor in 0.00 ms.
Mono: successfully reloaded assembly
- Completed reload, in  1.882 seconds
Platform modules already initialized, skipping
Registering precompiled user dll's ...
Registered in 0.081340 seconds.
Begin MonoManager ReloadAssembly
Native extension for WindowsStandalone target not found
Native extension for WebGL target not found
Refreshing native plugins compatible for Editor in 41.11 ms, found 3 plugins.
Preloading 0 native plugins for Editor in 0.00 ms.
Mono: successfully reloaded assembly
- Completed reload, in  1.467 seconds
Platform modules already initialized, skipping
========================================================================
Worker process is ready to serve import requests
Launched and connected shader compiler UnityShaderCompiler.exe after 0.13 seconds
Refreshing native plugins compatible for Editor in 0.56 ms, found 3 plugins.
Preloading 0 native plugins for Editor in 0.00 ms.
Unloading 2107 Unused Serialized files (Serialized files now loaded: 0)
System memory in use before: 93.5 MB.
System memory in use after: 93.6 MB.

Unloading 28 unused Assets to reduce memory usage. Loaded Objects now: 2546.
Total: 3.467900 ms (FindLiveObjects: 0.281900 ms CreateObjectMapping: 0.106400 ms MarkObjects: 2.991100 ms  DeleteObjects: 0.086700 ms)

========================================================================
Received Import Request.
  path: Assets/Scenes/TemplateScene.unity
  artifactKey: Guid(a34e7c0f129522641be640d550f033b7) Importer(815301076,1909f56bfc062723c751e8b465ee728b)
Start importing Assets/Scenes/TemplateScene.unity using Guid(a34e7c0f129522641be640d550f033b7) Importer(815301076,1909f56bfc062723c751e8b465ee728b)  -> (artifact id: 'bcca71b8d728b4517df2cb0ced58cf3f') in 0.106290 seconds
  Import took 0.110378 seconds .

========================================================================
Received Import Request.
  Time since last request: 841.731559 seconds.
  path: Assets/Scenes/TemplateScene 1.unity
  artifactKey: Guid(4b94cc8f288c82948aaf93f42b4e5eaa) Importer(815301076,1909f56bfc062723c751e8b465ee728b)
Start importing Assets/Scenes/TemplateScene 1.unity using Guid(4b94cc8f288c82948aaf93f42b4e5eaa) Importer(815301076,1909f56bfc062723c751e8b465ee728b)  -> (artifact id: '38a8944a8a8124806c53eb430f709659') in 0.012528 seconds
  Import took 0.047618 seconds .

========================================================================
Received Import Request.
  Time since last request: 0.018240 seconds.
  path: Assets/Scenes/TemplateScene 1.unity
  artifactKey: Guid(4b94cc8f288c82948aaf93f42b4e5eaa) Importer(815301076,1909f56bfc062723c751e8b465ee728b)
Start importing Assets/Scenes/TemplateScene 1.unity using Guid(4b94cc8f288c82948aaf93f42b4e5eaa) Importer(815301076,1909f56bfc062723c751e8b465ee728b)  -> (artifact id: '38a8944a8a8124806c53eb430f709659') in 0.004667 seconds
  Import took 0.017992 seconds .

========================================================================
Received Import Request.
  Time since last request: 9.345697 seconds.
  path: Assets/Scenes/Level1.unity
  artifactKey: Guid(4b94cc8f288c82948aaf93f42b4e5eaa) Importer(815301076,1909f56bfc062723c751e8b465ee728b)
Start importing Assets/Scenes/Level1.unity using Guid(4b94cc8f288c82948aaf93f42b4e5eaa) Importer(815301076,1909f56bfc062723c751e8b465ee728b)  -> (artifact id: '7bf62d453060a24f6c07e06abcf6b83c') in 0.014192 seconds
  Import took 0.019925 seconds .

========================================================================
Received Import Request.
  Time since last request: 11.156136 seconds.
  path: Assets/Scenes/LevelS
  artifactKey: Guid(94a909199e097b64ea1d8bac8e9bba96) Importer(815301076,1909f56bfc062723c751e8b465ee728b)
Start importing Assets/Scenes/LevelS using Guid(94a909199e097b64ea1d8bac8e9bba96) Importer(815301076,1909f56bfc062723c751e8b465ee728b)  -> (artifact id: 'f06200080bb5d6737cdb27d5c587e18d') in 0.011157 seconds
  Import took 0.040788 seconds .

========================================================================
Received Import Request.
  Time since last request: 0.045287 seconds.
  path: Assets/Scenes/LevelS
  artifactKey: Guid(94a909199e097b64ea1d8bac8e9bba96) Importer(815301076,1909f56bfc062723c751e8b465ee728b)
Start importing Assets/Scenes/LevelS using Guid(94a909199e097b64ea1d8bac8e9bba96) Importer(815301076,1909f56bfc062723c751e8b465ee728b)  -> (artifact id: 'f06200080bb5d6737cdb27d5c587e18d') in 0.008111 seconds
  Import took 0.014637 seconds .

========================================================================
Received Import Request.
  Time since last request: 6.232756 seconds.
  path: Assets/Scenes/Levels
  artifactKey: Guid(94a909199e097b64ea1d8bac8e9bba96) Importer(815301076,1909f56bfc062723c751e8b465ee728b)
Start importing Assets/Scenes/Levels using Guid(94a909199e097b64ea1d8bac8e9bba96) Importer(815301076,1909f56bfc062723c751e8b465ee728b)  -> (artifact id: '1e13929393a61dafc2b515a88b8305f7') in 0.014627 seconds
  Import took 0.020446 seconds .

========================================================================
Received Import Request.
  Time since last request: 893.953740 seconds.
  path: Assets/2D Moving Physics Platform 1/Prefabs/2D Physics Moving Platform.prefab
  artifactKey: Guid(0ed0d105044a9744d9e908965ce43e3e) Importer(815301076,1909f56bfc062723c751e8b465ee728b)
Start importing Assets/2D Moving Physics Platform 1/Prefabs/2D Physics Moving Platform.prefab using Guid(0ed0d105044a9744d9e908965ce43e3e) Importer(815301076,1909f56bfc062723c751e8b465ee728b)  -> (artifact id: '551bd8635ee6cf20defebc9c5136fa04') in 0.570253 seconds
  Import took 0.577387 seconds .

========================================================================
Received Prepare
Registering precompiled user dll's ...
Registered in 0.046775 seconds.
Begin MonoManager ReloadAssembly
Native extension for WindowsStandalone target not found
Native extension for WebGL target not found
Refreshing native plugins compatible for Editor in 0.70 ms, found 3 plugins.
Preloading 0 native plugins for Editor in 0.00 ms.
Mono: successfully reloaded assembly
- Completed reload, in  1.491 seconds
Platform modules already initialized, skipping
Refreshing native plugins compatible for Editor in 0.81 ms, found 3 plugins.
Preloading 0 native plugins for Editor in 0.00 ms.
Unloading 2097 Unused Serialized files (Serialized files now loaded: 0)
System memory in use before: 95.9 MB.
System memory in use after: 96.0 MB.

Unloading 16 unused Assets to reduce memory usage. Loaded Objects now: 2557.
Total: 3.345700 ms (FindLiveObjects: 0.352800 ms CreateObjectMapping: 0.087700 ms MarkObjects: 2.872600 ms  DeleteObjects: 0.030700 ms)

========================================================================
Received Prepare
Registering precompiled user dll's ...
Registered in 0.003987 seconds.
Begin MonoManager ReloadAssembly
Native extension for WindowsStandalone target not found
Native extension for WebGL target not found
Refreshing native plugins compatible for Editor in 0.66 ms, found 3 plugins.
Preloading 0 native plugins for Editor in 0.00 ms.
Mono: successfully reloaded assembly
- Completed reload, in  1.447 seconds
Platform modules already initialized, skipping
Refreshing native plugins compatible for Editor in 0.70 ms, found 3 plugins.
Preloading 0 native plugins for Editor in 0.00 ms.
Unloading 2097 Unused Serialized files (Serialized files now loaded: 0)
System memory in use before: 96.0 MB.
System memory in use after: 96.1 MB.

Unloading 16 unused Assets to reduce memory usage. Loaded Objects now: 2561.
Total: 4.225200 ms (FindLiveObjects: 0.405100 ms CreateObjectMapping: 0.090100 ms MarkObjects: 3.702100 ms  DeleteObjects: 0.025600 ms)

========================================================================
Received Import Request.
  Time since last request: 324.827010 seconds.
  path: Assets/Prefabs/Obstacles/Vine Segments/Rope Seg 1.prefab
  artifactKey: Guid(14a5901e5b2115e4786b6ceb981e18af) Importer(815301076,1909f56bfc062723c751e8b465ee728b)
Start importing Assets/Prefabs/Obstacles/Vine Segments/Rope Seg 1.prefab using Guid(14a5901e5b2115e4786b6ceb981e18af) Importer(815301076,1909f56bfc062723c751e8b465ee728b)  -> (artifact id: 'eb06e82c073c0e9893c18498686e231a') in 0.127057 seconds
  Import took 0.133591 seconds .

========================================================================
Received Import Request.
  Time since last request: 2.350372 seconds.
  path: Assets/Prefabs/Obstacles/Vine Segments
  artifactKey: Guid(983b27319990cc442bb3f0ec4d89c8ad) Importer(815301076,1909f56bfc062723c751e8b465ee728b)
Start importing Assets/Prefabs/Obstacles/Vine Segments using Guid(983b27319990cc442bb3f0ec4d89c8ad) Importer(815301076,1909f56bfc062723c751e8b465ee728b)  -> (artifact id: '2c3827329ecefea2d5dcde0f98ad4dce') in 0.037506 seconds
  Import took 0.067563 seconds .

========================================================================
Received Import Request.
  Time since last request: 0.643816 seconds.
  path: Assets/Prefabs/Obstacles/TempHitchedVine
  artifactKey: Guid(68d73b01c0bb2b640a5e0e1f88634805) Importer(815301076,1909f56bfc062723c751e8b465ee728b)
Start importing Assets/Prefabs/Obstacles/TempHitchedVine using Guid(68d73b01c0bb2b640a5e0e1f88634805) Importer(815301076,1909f56bfc062723c751e8b465ee728b)  -> (artifact id: 'd22b82cf1db3f931e85d269cf68bf427') in 0.042774 seconds
  Import took 0.047253 seconds .

========================================================================
Received Import Request.
  Time since last request: 0.267507 seconds.
  path: Assets/Prefabs/Obstacles/HitchedVine
  artifactKey: Guid(b9b96b56ab9e2a848970abf8c75ee0fd) Importer(815301076,1909f56bfc062723c751e8b465ee728b)
Start importing Assets/Prefabs/Obstacles/HitchedVine using Guid(b9b96b56ab9e2a848970abf8c75ee0fd) Importer(815301076,1909f56bfc062723c751e8b465ee728b)  -> (artifact id: '9a16cd3950129676ebe694a69e11b8e8') in 0.011973 seconds
  Import took 0.017560 seconds .

========================================================================
Received Import Request.
  Time since last request: 0.860207 seconds.
  path: Assets/Prefabs/Obstacles/TempHitchedVine/Hitched Rope Seg 1.prefab
  artifactKey: Guid(f58590657f7ed2d40a16d52db14a7b56) Importer(815301076,1909f56bfc062723c751e8b465ee728b)
Start importing Assets/Prefabs/Obstacles/TempHitchedVine/Hitched Rope Seg 1.prefab using Guid(f58590657f7ed2d40a16d52db14a7b56) Importer(815301076,1909f56bfc062723c751e8b465ee728b)  -> (artifact id: '9198fe72a496920d9356a23cc1b31fa8') in 0.025838 seconds
  Import took 0.032297 seconds .

========================================================================
Received Import Request.
  Time since last request: 0.610439 seconds.
  path: Assets/Prefabs/Obstacles/TempHitchedVine/Hitched Rope Seg 2.prefab
  artifactKey: Guid(1c357b2030c85cb40a8da656df4a19b5) Importer(815301076,1909f56bfc062723c751e8b465ee728b)
Start importing Assets/Prefabs/Obstacles/TempHitchedVine/Hitched Rope Seg 2.prefab using Guid(1c357b2030c85cb40a8da656df4a19b5) Importer(815301076,1909f56bfc062723c751e8b465ee728b)  -> (artifact id: '14139e5f60d80edc3cce23f951ac02ea') in 0.021015 seconds
  Import took 0.053222 seconds .

========================================================================
Received Import Request.
  Time since last request: 0.044760 seconds.
  path: Assets/Prefabs/Obstacles/TempHitchedVine/Hitched Rope Seg 2.prefab
  artifactKey: Guid(1c357b2030c85cb40a8da656df4a19b5) Importer(815301076,1909f56bfc062723c751e8b465ee728b)
Start importing Assets/Prefabs/Obstacles/TempHitchedVine/Hitched Rope Seg 2.prefab using Guid(1c357b2030c85cb40a8da656df4a19b5) Importer(815301076,1909f56bfc062723c751e8b465ee728b)  -> (artifact id: '14139e5f60d80edc3cce23f951ac02ea') in 0.013004 seconds
  Import took 0.018280 seconds .

========================================================================
Received Import Request.
  Time since last request: 0.221543 seconds.
  path: Assets/Prefabs/Obstacles/TempHitchedVine/Hitched Rope Seg 3.prefab
  artifactKey: Guid(2d7d17966e46aec44bf025a9c9e2feac) Importer(815301076,1909f56bfc062723c751e8b465ee728b)
Start importing Assets/Prefabs/Obstacles/TempHitchedVine/Hitched Rope Seg 3.prefab using Guid(2d7d17966e46aec44bf025a9c9e2feac) Importer(815301076,1909f56bfc062723c751e8b465ee728b)  -> (artifact id: '0ea11404556c3df56b8f55a9b6842629') in 0.022311 seconds
  Import took 0.050418 seconds .

========================================================================
Received Import Request.
  Time since last request: 0.027883 seconds.
  path: Assets/Prefabs/Obstacles/TempHitchedVine/Hitched Rope Seg 3.prefab
  artifactKey: Guid(2d7d17966e46aec44bf025a9c9e2feac) Importer(815301076,1909f56bfc062723c751e8b465ee728b)
Start importing Assets/Prefabs/Obstacles/TempHitchedVine/Hitched Rope Seg 3.prefab using Guid(2d7d17966e46aec44bf025a9c9e2feac) Importer(815301076,1909f56bfc062723c751e8b465ee728b)  -> (artifact id: '0ea11404556c3df56b8f55a9b6842629') in 0.012318 seconds
  Import took 0.018923 seconds .

========================================================================
Received Import Request.
  Time since last request: 2.209705 seconds.
  path: Assets/Prefabs/Obstacles/HitchedVine/Hitched Rope Seg 1.prefab
  artifactKey: Guid(78c939387611f614a934764c7197ff9c) Importer(815301076,1909f56bfc062723c751e8b465ee728b)
Start importing Assets/Prefabs/Obstacles/HitchedVine/Hitched Rope Seg 1.prefab using Guid(78c939387611f614a934764c7197ff9c) Importer(815301076,1909f56bfc062723c751e8b465ee728b)  -> (artifact id: '3d90b2c694a8651af5bf4b634b69e9c1') in 0.015601 seconds
  Import took 0.023506 seconds .

========================================================================
Received Import Request.
  Time since last request: 0.003488 seconds.
  path: Assets/Prefabs/Obstacles/HitchedVine/Hitched Rope Seg 1.prefab
  artifactKey: Guid(78c939387611f614a934764c7197ff9c) Importer(815301076,1909f56bfc062723c751e8b465ee728b)
Start importing Assets/Prefabs/Obstacles/HitchedVine/Hitched Rope Seg 1.prefab using Guid(78c939387611f614a934764c7197ff9c) Importer(815301076,1909f56bfc062723c751e8b465ee728b)  -> (artifact id: '3d90b2c694a8651af5bf4b634b69e9c1') in 0.012765 seconds
  Import took 0.017511 seconds .

========================================================================
Received Import Request.
  Time since last request: 0.578018 seconds.
  path: Assets/Prefabs/Obstacles/HitchedVine/Hitched Rope Seg 2.prefab
  artifactKey: Guid(45bf28b661df0264bb687f2d76e95e7a) Importer(815301076,1909f56bfc062723c751e8b465ee728b)
Start importing Assets/Prefabs/Obstacles/HitchedVine/Hitched Rope Seg 2.prefab using Guid(45bf28b661df0264bb687f2d76e95e7a) Importer(815301076,1909f56bfc062723c751e8b465ee728b)  -> (artifact id: '8777e0aaf745682dcf120ef2f63f4a85') in 0.019264 seconds
  Import took 0.024492 seconds .

========================================================================
Received Import Request.
  Time since last request: 5.241174 seconds.
  path: Assets/Prefabs/Obstacles/HitchedVine/Hitched Rope Seg 3.prefab
  artifactKey: Guid(a39fdd3b8176d9741b38ba929f771a40) Importer(815301076,1909f56bfc062723c751e8b465ee728b)
Start importing Assets/Prefabs/Obstacles/HitchedVine/Hitched Rope Seg 3.prefab using Guid(a39fdd3b8176d9741b38ba929f771a40) Importer(815301076,1909f56bfc062723c751e8b465ee728b)  -> (artifact id: 'aa4215db4efdd7b5e7916f6c75334d0b') in 0.022522 seconds
  Import took 0.027815 seconds .

========================================================================
Received Import Request.
  Time since last request: 0.348467 seconds.
  path: Assets/Prefabs/Obstacles/HitchedVine/Hitched Rope Seg 4.prefab
  artifactKey: Guid(78f8e7230b04c554dbfb17dece1906a4) Importer(815301076,1909f56bfc062723c751e8b465ee728b)
Start importing Assets/Prefabs/Obstacles/HitchedVine/Hitched Rope Seg 4.prefab using Guid(78f8e7230b04c554dbfb17dece1906a4) Importer(815301076,1909f56bfc062723c751e8b465ee728b)  -> (artifact id: 'e84084f853a21f30b114166096662b2e') in 0.021936 seconds
  Import took 0.027222 seconds .

========================================================================
Received Import Request.
  Time since last request: 0.234409 seconds.
  path: Assets/Prefabs/Obstacles/HitchedVine/Hitched Rope Seg 5.prefab
  artifactKey: Guid(4e8baeebc79d5724fbd22ce5c0157de3) Importer(815301076,1909f56bfc062723c751e8b465ee728b)
Start importing Assets/Prefabs/Obstacles/HitchedVine/Hitched Rope Seg 5.prefab using Guid(4e8baeebc79d5724fbd22ce5c0157de3) Importer(815301076,1909f56bfc062723c751e8b465ee728b)  -> (artifact id: 'bcca8e473763ca75972ae273ee50ea53') in 0.046130 seconds
  Import took 0.051340 seconds .

========================================================================
Received Import Request.
  Time since last request: 0.094260 seconds.
  path: Assets/Prefabs/Obstacles/HitchedVine/Hitched Rope Seg 6.prefab
  artifactKey: Guid(3ad86554a23656d41816c8e29f018714) Importer(815301076,1909f56bfc062723c751e8b465ee728b)
Start importing Assets/Prefabs/Obstacles/HitchedVine/Hitched Rope Seg 6.prefab using Guid(3ad86554a23656d41816c8e29f018714) Importer(815301076,1909f56bfc062723c751e8b465ee728b)  -> (artifact id: 'fac9b439d2b3aaf1c36a1c1c176fc0c4') in 0.019650 seconds
  Import took 0.025772 seconds .

========================================================================
Received Import Request.
  Time since last request: 0.265513 seconds.
  path: Assets/Prefabs/Obstacles/HitchedVine/HitchedVine.prefab
  artifactKey: Guid(2ead9d61ae60bcb4fa2845384a25b1cf) Importer(815301076,1909f56bfc062723c751e8b465ee728b)
Start importing Assets/Prefabs/Obstacles/HitchedVine/HitchedVine.prefab using Guid(2ead9d61ae60bcb4fa2845384a25b1cf) Importer(815301076,1909f56bfc062723c751e8b465ee728b)  -> (artifact id: '75ca0cfc608381eb98f08da315b4ecf4') in 0.029720 seconds
  Import took 0.034724 seconds .

========================================================================
Received Import Request.
  Time since last request: 0.039627 seconds.
  path: Assets/Prefabs/Obstacles/HitchedVine/HitchedVine.prefab
  artifactKey: Guid(2ead9d61ae60bcb4fa2845384a25b1cf) Importer(815301076,1909f56bfc062723c751e8b465ee728b)
Start importing Assets/Prefabs/Obstacles/HitchedVine/HitchedVine.prefab using Guid(2ead9d61ae60bcb4fa2845384a25b1cf) Importer(815301076,1909f56bfc062723c751e8b465ee728b)  -> (artifact id: '75ca0cfc608381eb98f08da315b4ecf4') in 0.015671 seconds
  Import took 0.021530 seconds .

========================================================================
Received Import Request.
  Time since last request: 57.099774 seconds.
  path: Assets/Prefabs/Obstacles/Vine Segments/Rope Seg 2.prefab
  artifactKey: Guid(2ee7b9e12094c7a449b432081d9fec69) Importer(815301076,1909f56bfc062723c751e8b465ee728b)
Start importing Assets/Prefabs/Obstacles/Vine Segments/Rope Seg 2.prefab using Guid(2ee7b9e12094c7a449b432081d9fec69) Importer(815301076,1909f56bfc062723c751e8b465ee728b)  -> (artifact id: 'e0b4807a7c5bf2296e81cf17e1cdce63') in 0.056226 seconds
  Import took 0.078484 seconds .

========================================================================
Received Import Request.
  Time since last request: 0.033399 seconds.
  path: Assets/Prefabs/Obstacles/Vine Segments/Rope Seg 2.prefab
  artifactKey: Guid(2ee7b9e12094c7a449b432081d9fec69) Importer(815301076,1909f56bfc062723c751e8b465ee728b)
Start importing Assets/Prefabs/Obstacles/Vine Segments/Rope Seg 2.prefab using Guid(2ee7b9e12094c7a449b432081d9fec69) Importer(815301076,1909f56bfc062723c751e8b465ee728b)  -> (artifact id: 'e0b4807a7c5bf2296e81cf17e1cdce63') in 0.012995 seconds
  Import took 0.017847 seconds .

========================================================================
Received Import Request.
  Time since last request: 0.235256 seconds.
  path: Assets/Prefabs/Obstacles/Vine Segments/Rope Seg 3.prefab
  artifactKey: Guid(3a3a82760844ecd4caf5973641833e0f) Importer(815301076,1909f56bfc062723c751e8b465ee728b)
Start importing Assets/Prefabs/Obstacles/Vine Segments/Rope Seg 3.prefab using Guid(3a3a82760844ecd4caf5973641833e0f) Importer(815301076,1909f56bfc062723c751e8b465ee728b)  -> (artifact id: '591e135fb009eccff18a27a9e6bbd070') in 0.022965 seconds
  Import took 0.028294 seconds .

========================================================================
Received Import Request.
  Time since last request: 0.235213 seconds.
  path: Assets/Prefabs/Obstacles/Vine Segments/Rope Seg 4.prefab
  artifactKey: Guid(56dc1c01d7141df4d9bf390ea8dd3884) Importer(815301076,1909f56bfc062723c751e8b465ee728b)
Start importing Assets/Prefabs/Obstacles/Vine Segments/Rope Seg 4.prefab using Guid(56dc1c01d7141df4d9bf390ea8dd3884) Importer(815301076,1909f56bfc062723c751e8b465ee728b)  -> (artifact id: '4765cdf017e91cc5c589b8706d0efa0a') in 0.050756 seconds
  Import took 0.071645 seconds .

========================================================================
Received Import Request.
  Time since last request: 0.039699 seconds.
  path: Assets/Prefabs/Obstacles/Vine Segments/Rope Seg 4.prefab
  artifactKey: Guid(56dc1c01d7141df4d9bf390ea8dd3884) Importer(815301076,1909f56bfc062723c751e8b465ee728b)
Start importing Assets/Prefabs/Obstacles/Vine Segments/Rope Seg 4.prefab using Guid(56dc1c01d7141df4d9bf390ea8dd3884) Importer(815301076,1909f56bfc062723c751e8b465ee728b)  -> (artifact id: '4765cdf017e91cc5c589b8706d0efa0a') in 0.012656 seconds
  Import took 0.018305 seconds .

========================================================================
Received Import Request.
  Time since last request: 1.893310 seconds.
  path: Assets/Prefabs/Obstacles/BlinkingPlatform.prefab
  artifactKey: Guid(45b879f2c9291934ebbbc6ac3d763981) Importer(815301076,1909f56bfc062723c751e8b465ee728b)
Start importing Assets/Prefabs/Obstacles/BlinkingPlatform.prefab using Guid(45b879f2c9291934ebbbc6ac3d763981) Importer(815301076,1909f56bfc062723c751e8b465ee728b)  -> (artifact id: '316fca318cac721e17f6d1223a45282e') in 0.043497 seconds
  Import took 0.052633 seconds .

========================================================================
Received Import Request.
  Time since last request: 0.029119 seconds.
  path: Assets/Prefabs/Obstacles/BlinkingPlatform.prefab
  artifactKey: Guid(45b879f2c9291934ebbbc6ac3d763981) Importer(815301076,1909f56bfc062723c751e8b465ee728b)
Start importing Assets/Prefabs/Obstacles/BlinkingPlatform.prefab using Guid(45b879f2c9291934ebbbc6ac3d763981) Importer(815301076,1909f56bfc062723c751e8b465ee728b)  -> (artifact id: '316fca318cac721e17f6d1223a45282e') in 0.041992 seconds
  Import took 0.047880 seconds .

========================================================================
Received Import Request.
  Time since last request: 1.285179 seconds.
  path: Assets/Prefabs/Obstacles/Portal.prefab
  artifactKey: Guid(9b285aa13e6937a47808211ff61d9794) Importer(815301076,1909f56bfc062723c751e8b465ee728b)
Start importing Assets/Prefabs/Obstacles/Portal.prefab using Guid(9b285aa13e6937a47808211ff61d9794) Importer(815301076,1909f56bfc062723c751e8b465ee728b)  -> (artifact id: 'fdb6d3138c315bac4c8486e22cbbc0fc') in 0.242121 seconds
  Import took 0.247251 seconds .

========================================================================
Received Prepare
Registering precompiled user dll's ...
Registered in 0.003781 seconds.
Begin MonoManager ReloadAssembly
Native extension for WindowsStandalone target not found
Native extension for WebGL target not found
Refreshing native plugins compatible for Editor in 0.74 ms, found 3 plugins.
Preloading 0 native plugins for Editor in 0.00 ms.
Mono: successfully reloaded assembly
- Completed reload, in  1.535 seconds
Platform modules already initialized, skipping
Refreshing native plugins compatible for Editor in 0.73 ms, found 3 plugins.
Preloading 0 native plugins for Editor in 0.00 ms.
Unloading 2097 Unused Serialized files (Serialized files now loaded: 0)
System memory in use before: 96.1 MB.
System memory in use after: 96.2 MB.

Unloading 18 unused Assets to reduce memory usage. Loaded Objects now: 2566.
Total: 4.997800 ms (FindLiveObjects: 0.444000 ms CreateObjectMapping: 0.097100 ms MarkObjects: 4.369100 ms  DeleteObjects: 0.084600 ms)

========================================================================
Received Prepare
Registering precompiled user dll's ...
Registered in 0.004928 seconds.
Begin MonoManager ReloadAssembly
Native extension for WindowsStandalone target not found
Native extension for WebGL target not found
Refreshing native plugins compatible for Editor in 0.68 ms, found 3 plugins.
Preloading 0 native plugins for Editor in 0.00 ms.
Mono: successfully reloaded assembly
- Completed reload, in  1.597 seconds
Platform modules already initialized, skipping
Refreshing native plugins compatible for Editor in 0.70 ms, found 3 plugins.
Preloading 0 native plugins for Editor in 0.00 ms.
Unloading 2097 Unused Serialized files (Serialized files now loaded: 0)
System memory in use before: 96.1 MB.
System memory in use after: 96.2 MB.

Unloading 16 unused Assets to reduce memory usage. Loaded Objects now: 2570.
Total: 2.988000 ms (FindLiveObjects: 0.248200 ms CreateObjectMapping: 0.081700 ms MarkObjects: 2.627700 ms  DeleteObjects: 0.028400 ms)

